+ echo /work/sduhumac/kristina/data/genova/plasma
/work/sduhumac/kristina/data/genova/plasma
+ SAMPLEID=G35-3_illumina-truseq-genome_HY35GBGXY
+ SAMPLEID_1=
+ SAMPLEID_2=
+ OUTPUT=/scratch/sduhumac/kristina/data/genova/plasma/output
+ LOGFILE=/scratch/sduhumac/kristina/data/genova/plasma/output/logfiles/.txt
+ [[ '' == '' ]]
+ picard MarkDuplicates -Xmx4g INPUT=/scratch/sduhumac/kristina/data/genova/plasma/output/G35-3_illumina-truseq-genome_HY35GBGXY_sorted.bam OUTPUT=/scratch/sduhumac/kristina/data/genova/plasma/output/G35-3_illumina-truseq-genome_HY35GBGXY_sorted_nodup.bam METRICS_FILE=/scratch/sduhumac/kristina/data/genova/plasma/output/G35-3_illumina-truseq-genome_HY35GBGXY_dup.metrics REMOVE_DUPLICATES=TRUE VALIDATION_STRINGENCY=LENIENT CREATE_INDEX=true
INFO	2018-09-26 11:31:43	MarkDuplicates	

********** NOTE: Picard's command line syntax is changing.
**********
********** For more information, please see:
********** https://github.com/broadinstitute/picard/wiki/Command-Line-Syntax-Transition-For-Users-(Pre-Transition)
**********
********** The command line looks like this in the new syntax:
**********
**********    MarkDuplicates -INPUT /scratch/sduhumac/kristina/data/genova/plasma/output/G35-3_illumina-truseq-genome_HY35GBGXY_sorted.bam -OUTPUT /scratch/sduhumac/kristina/data/genova/plasma/output/G35-3_illumina-truseq-genome_HY35GBGXY_sorted_nodup.bam -METRICS_FILE /scratch/sduhumac/kristina/data/genova/plasma/output/G35-3_illumina-truseq-genome_HY35GBGXY_dup.metrics -REMOVE_DUPLICATES TRUE -VALIDATION_STRINGENCY LENIENT -CREATE_INDEX true
**********


11:31:43.385 INFO  NativeLibraryLoader - Loading libgkl_compression.so from jar:file:/gpfs/gss1/work/sduhumac/kristina/tools/miniconda3/share/picard-2.18.14-0/picard.jar!/com/intel/gkl/native/libgkl_compression.so
[Wed Sep 26 11:31:43 CEST 2018] MarkDuplicates INPUT=[/scratch/sduhumac/kristina/data/genova/plasma/output/G35-3_illumina-truseq-genome_HY35GBGXY_sorted.bam] OUTPUT=/scratch/sduhumac/kristina/data/genova/plasma/output/G35-3_illumina-truseq-genome_HY35GBGXY_sorted_nodup.bam METRICS_FILE=/scratch/sduhumac/kristina/data/genova/plasma/output/G35-3_illumina-truseq-genome_HY35GBGXY_dup.metrics REMOVE_DUPLICATES=true VALIDATION_STRINGENCY=LENIENT CREATE_INDEX=true    MAX_SEQUENCES_FOR_DISK_READ_ENDS_MAP=50000 MAX_FILE_HANDLES_FOR_READ_ENDS_MAP=8000 SORTING_COLLECTION_SIZE_RATIO=0.25 TAG_DUPLICATE_SET_MEMBERS=false REMOVE_SEQUENCING_DUPLICATES=false TAGGING_POLICY=DontTag CLEAR_DT=true ADD_PG_TAG_TO_READS=true ASSUME_SORTED=false DUPLICATE_SCORING_STRATEGY=SUM_OF_BASE_QUALITIES PROGRAM_RECORD_ID=MarkDuplicates PROGRAM_GROUP_NAME=MarkDuplicates READ_NAME_REGEX=<optimized capture of last three ':' separated fields as numeric values> OPTICAL_DUPLICATE_PIXEL_DISTANCE=100 MAX_OPTICAL_DUPLICATE_SET_SIZE=300000 VERBOSITY=INFO QUIET=false COMPRESSION_LEVEL=5 MAX_RECORDS_IN_RAM=500000 CREATE_MD5_FILE=false GA4GH_CLIENT_SECRETS=client_secrets.json USE_JDK_DEFLATER=false USE_JDK_INFLATER=false
[Wed Sep 26 11:31:43 CEST 2018] Executing as kmkoldby@s73p33.deic.sdu.dk on Linux 3.10.0-327.36.3.el7.x86_64 amd64; OpenJDK 64-Bit Server VM 1.8.0_152-release-1056-b12; Deflater: Intel; Inflater: Intel; Provider GCS is not available; Picard version: 2.18.14-SNAPSHOT
INFO	2018-09-26 11:31:43	MarkDuplicates	Start of doWork freeMemory: 2038019176; totalMemory: 2058354688; maxMemory: 3817865216
INFO	2018-09-26 11:31:43	MarkDuplicates	Reading input file and constructing read end information.
INFO	2018-09-26 11:31:43	MarkDuplicates	Will retain up to 13832844 data points before spilling to disk.
INFO	2018-09-26 11:31:48	MarkDuplicates	Read     1,000,000 records.  Elapsed time: 00:00:04s.  Time for last 1,000,000:    4s.  Last read position: chr1:6,422,028
INFO	2018-09-26 11:31:48	MarkDuplicates	Tracking 4294 as yet unmatched pairs. 282 records in RAM.
INFO	2018-09-26 11:31:51	MarkDuplicates	Read     2,000,000 records.  Elapsed time: 00:00:07s.  Time for last 1,000,000:    3s.  Last read position: chr1:12,597,288
INFO	2018-09-26 11:31:51	MarkDuplicates	Tracking 15346 as yet unmatched pairs. 641 records in RAM.
INFO	2018-09-26 11:31:57	MarkDuplicates	Read     3,000,000 records.  Elapsed time: 00:00:13s.  Time for last 1,000,000:    5s.  Last read position: chr1:19,170,592
INFO	2018-09-26 11:31:57	MarkDuplicates	Tracking 20364 as yet unmatched pairs. 1019 records in RAM.
INFO	2018-09-26 11:32:00	MarkDuplicates	Read     4,000,000 records.  Elapsed time: 00:00:16s.  Time for last 1,000,000:    3s.  Last read position: chr1:25,385,657
INFO	2018-09-26 11:32:00	MarkDuplicates	Tracking 25092 as yet unmatched pairs. 1253 records in RAM.
INFO	2018-09-26 11:32:04	MarkDuplicates	Read     5,000,000 records.  Elapsed time: 00:00:20s.  Time for last 1,000,000:    4s.  Last read position: chr1:31,781,503
INFO	2018-09-26 11:32:04	MarkDuplicates	Tracking 30120 as yet unmatched pairs. 1498 records in RAM.
INFO	2018-09-26 11:32:08	MarkDuplicates	Read     6,000,000 records.  Elapsed time: 00:00:24s.  Time for last 1,000,000:    3s.  Last read position: chr1:38,316,515
INFO	2018-09-26 11:32:08	MarkDuplicates	Tracking 34650 as yet unmatched pairs. 1721 records in RAM.
INFO	2018-09-26 11:32:11	MarkDuplicates	Read     7,000,000 records.  Elapsed time: 00:00:28s.  Time for last 1,000,000:    3s.  Last read position: chr1:44,640,773
INFO	2018-09-26 11:32:11	MarkDuplicates	Tracking 39222 as yet unmatched pairs. 1850 records in RAM.
INFO	2018-09-26 11:32:16	MarkDuplicates	Read     8,000,000 records.  Elapsed time: 00:00:32s.  Time for last 1,000,000:    4s.  Last read position: chr1:51,294,064
INFO	2018-09-26 11:32:16	MarkDuplicates	Tracking 43444 as yet unmatched pairs. 2032 records in RAM.
INFO	2018-09-26 11:32:19	MarkDuplicates	Read     9,000,000 records.  Elapsed time: 00:00:35s.  Time for last 1,000,000:    3s.  Last read position: chr1:57,867,026
INFO	2018-09-26 11:32:19	MarkDuplicates	Tracking 47496 as yet unmatched pairs. 2131 records in RAM.
INFO	2018-09-26 11:32:22	MarkDuplicates	Read    10,000,000 records.  Elapsed time: 00:00:39s.  Time for last 1,000,000:    3s.  Last read position: chr1:64,611,433
INFO	2018-09-26 11:32:22	MarkDuplicates	Tracking 51082 as yet unmatched pairs. 2246 records in RAM.
INFO	2018-09-26 11:32:26	MarkDuplicates	Read    11,000,000 records.  Elapsed time: 00:00:43s.  Time for last 1,000,000:    3s.  Last read position: chr1:71,640,292
INFO	2018-09-26 11:32:26	MarkDuplicates	Tracking 54882 as yet unmatched pairs. 2361 records in RAM.
INFO	2018-09-26 11:32:30	MarkDuplicates	Read    12,000,000 records.  Elapsed time: 00:00:46s.  Time for last 1,000,000:    3s.  Last read position: chr1:79,313,605
INFO	2018-09-26 11:32:30	MarkDuplicates	Tracking 58192 as yet unmatched pairs. 2459 records in RAM.
INFO	2018-09-26 11:32:46	MarkDuplicates	Read    13,000,000 records.  Elapsed time: 00:01:02s.  Time for last 1,000,000:   16s.  Last read position: chr1:86,886,637
INFO	2018-09-26 11:32:46	MarkDuplicates	Tracking 61706 as yet unmatched pairs. 2509 records in RAM.
INFO	2018-09-26 11:33:10	MarkDuplicates	Read    14,000,000 records.  Elapsed time: 00:01:26s.  Time for last 1,000,000:   24s.  Last read position: chr1:93,566,217
INFO	2018-09-26 11:33:10	MarkDuplicates	Tracking 74676 as yet unmatched pairs. 3087 records in RAM.
INFO	2018-09-26 11:33:13	MarkDuplicates	Read    15,000,000 records.  Elapsed time: 00:01:29s.  Time for last 1,000,000:    3s.  Last read position: chr1:100,759,644
INFO	2018-09-26 11:33:13	MarkDuplicates	Tracking 78142 as yet unmatched pairs. 3121 records in RAM.
INFO	2018-09-26 11:33:17	MarkDuplicates	Read    16,000,000 records.  Elapsed time: 00:01:33s.  Time for last 1,000,000:    3s.  Last read position: chr1:108,844,807
INFO	2018-09-26 11:33:17	MarkDuplicates	Tracking 81630 as yet unmatched pairs. 3118 records in RAM.
INFO	2018-09-26 11:33:21	MarkDuplicates	Read    17,000,000 records.  Elapsed time: 00:01:38s.  Time for last 1,000,000:    4s.  Last read position: chr1:115,503,429
INFO	2018-09-26 11:33:21	MarkDuplicates	Tracking 85752 as yet unmatched pairs. 3095 records in RAM.
INFO	2018-09-26 11:33:25	MarkDuplicates	Read    18,000,000 records.  Elapsed time: 00:01:41s.  Time for last 1,000,000:    3s.  Last read position: chr1:121,373,040
INFO	2018-09-26 11:33:25	MarkDuplicates	Tracking 91544 as yet unmatched pairs. 3446 records in RAM.
INFO	2018-09-26 11:33:32	MarkDuplicates	Read    19,000,000 records.  Elapsed time: 00:01:48s.  Time for last 1,000,000:    7s.  Last read position: chr1:121,485,172
INFO	2018-09-26 11:33:32	MarkDuplicates	Tracking 333974 as yet unmatched pairs. 236345 records in RAM.
INFO	2018-09-26 11:33:37	MarkDuplicates	Read    20,000,000 records.  Elapsed time: 00:01:54s.  Time for last 1,000,000:    5s.  Last read position: chr1:143,471,376
INFO	2018-09-26 11:33:37	MarkDuplicates	Tracking 110168 as yet unmatched pairs. 3289 records in RAM.
INFO	2018-09-26 11:33:44	MarkDuplicates	Read    21,000,000 records.  Elapsed time: 00:02:00s.  Time for last 1,000,000:    6s.  Last read position: chr1:149,272,673
INFO	2018-09-26 11:33:44	MarkDuplicates	Tracking 114302 as yet unmatched pairs. 3117 records in RAM.
INFO	2018-09-26 11:33:49	MarkDuplicates	Read    22,000,000 records.  Elapsed time: 00:02:05s.  Time for last 1,000,000:    4s.  Last read position: chr1:155,652,886
INFO	2018-09-26 11:33:49	MarkDuplicates	Tracking 118946 as yet unmatched pairs. 2958 records in RAM.
INFO	2018-09-26 11:33:53	MarkDuplicates	Read    23,000,000 records.  Elapsed time: 00:02:09s.  Time for last 1,000,000:    4s.  Last read position: chr1:161,709,422
INFO	2018-09-26 11:33:53	MarkDuplicates	Tracking 124266 as yet unmatched pairs. 2863 records in RAM.
INFO	2018-09-26 11:34:00	MarkDuplicates	Read    24,000,000 records.  Elapsed time: 00:02:17s.  Time for last 1,000,000:    7s.  Last read position: chr1:168,578,851
INFO	2018-09-26 11:34:00	MarkDuplicates	Tracking 127828 as yet unmatched pairs. 2771 records in RAM.
INFO	2018-09-26 11:34:05	MarkDuplicates	Read    25,000,000 records.  Elapsed time: 00:02:21s.  Time for last 1,000,000:    4s.  Last read position: chr1:175,409,910
INFO	2018-09-26 11:34:05	MarkDuplicates	Tracking 131120 as yet unmatched pairs. 2687 records in RAM.
INFO	2018-09-26 11:34:11	MarkDuplicates	Read    26,000,000 records.  Elapsed time: 00:02:28s.  Time for last 1,000,000:    6s.  Last read position: chr1:182,363,007
INFO	2018-09-26 11:34:11	MarkDuplicates	Tracking 134446 as yet unmatched pairs. 2563 records in RAM.
INFO	2018-09-26 11:34:25	MarkDuplicates	Read    27,000,000 records.  Elapsed time: 00:02:41s.  Time for last 1,000,000:   13s.  Last read position: chr1:189,816,404
INFO	2018-09-26 11:34:25	MarkDuplicates	Tracking 137576 as yet unmatched pairs. 2431 records in RAM.
INFO	2018-09-26 11:34:44	MarkDuplicates	Read    28,000,000 records.  Elapsed time: 00:03:01s.  Time for last 1,000,000:   19s.  Last read position: chr1:197,992,613
INFO	2018-09-26 11:34:44	MarkDuplicates	Tracking 144554 as yet unmatched pairs. 2329 records in RAM.
INFO	2018-09-26 11:34:57	MarkDuplicates	Read    29,000,000 records.  Elapsed time: 00:03:13s.  Time for last 1,000,000:   12s.  Last read position: chr1:204,563,587
INFO	2018-09-26 11:34:57	MarkDuplicates	Tracking 150690 as yet unmatched pairs. 2153 records in RAM.
INFO	2018-09-26 11:35:02	MarkDuplicates	Read    30,000,000 records.  Elapsed time: 00:03:18s.  Time for last 1,000,000:    5s.  Last read position: chr1:211,464,978
INFO	2018-09-26 11:35:02	MarkDuplicates	Tracking 154438 as yet unmatched pairs. 1944 records in RAM.
INFO	2018-09-26 11:35:07	MarkDuplicates	Read    31,000,000 records.  Elapsed time: 00:03:23s.  Time for last 1,000,000:    4s.  Last read position: chr1:218,771,256
INFO	2018-09-26 11:35:07	MarkDuplicates	Tracking 157744 as yet unmatched pairs. 1740 records in RAM.
INFO	2018-09-26 11:35:12	MarkDuplicates	Read    32,000,000 records.  Elapsed time: 00:03:29s.  Time for last 1,000,000:    5s.  Last read position: chr1:225,611,073
INFO	2018-09-26 11:35:12	MarkDuplicates	Tracking 161516 as yet unmatched pairs. 1590 records in RAM.
INFO	2018-09-26 11:35:16	MarkDuplicates	Read    33,000,000 records.  Elapsed time: 00:03:33s.  Time for last 1,000,000:    3s.  Last read position: chr1:231,947,925
INFO	2018-09-26 11:35:16	MarkDuplicates	Tracking 165706 as yet unmatched pairs. 1287 records in RAM.
INFO	2018-09-26 11:35:21	MarkDuplicates	Read    34,000,000 records.  Elapsed time: 00:03:37s.  Time for last 1,000,000:    4s.  Last read position: chr1:238,844,269
INFO	2018-09-26 11:35:21	MarkDuplicates	Tracking 168832 as yet unmatched pairs. 465 records in RAM.
INFO	2018-09-26 11:35:25	MarkDuplicates	Read    35,000,000 records.  Elapsed time: 00:03:41s.  Time for last 1,000,000:    4s.  Last read position: chr1:246,037,645
INFO	2018-09-26 11:35:25	MarkDuplicates	Tracking 172790 as yet unmatched pairs. 176 records in RAM.
INFO	2018-09-26 11:35:41	MarkDuplicates	Read    36,000,000 records.  Elapsed time: 00:03:57s.  Time for last 1,000,000:   16s.  Last read position: chr2:3,868,055
INFO	2018-09-26 11:35:41	MarkDuplicates	Tracking 176174 as yet unmatched pairs. 54589 records in RAM.
INFO	2018-09-26 11:35:44	MarkDuplicates	Read    37,000,000 records.  Elapsed time: 00:04:01s.  Time for last 1,000,000:    3s.  Last read position: chr2:10,892,780
INFO	2018-09-26 11:35:44	MarkDuplicates	Tracking 179496 as yet unmatched pairs. 55593 records in RAM.
INFO	2018-09-26 11:35:48	MarkDuplicates	Read    38,000,000 records.  Elapsed time: 00:04:04s.  Time for last 1,000,000:    3s.  Last read position: chr2:18,060,340
INFO	2018-09-26 11:35:48	MarkDuplicates	Tracking 182960 as yet unmatched pairs. 56632 records in RAM.
INFO	2018-09-26 11:35:52	MarkDuplicates	Read    39,000,000 records.  Elapsed time: 00:04:09s.  Time for last 1,000,000:    4s.  Last read position: chr2:25,217,235
INFO	2018-09-26 11:35:52	MarkDuplicates	Tracking 185972 as yet unmatched pairs. 57487 records in RAM.
INFO	2018-09-26 11:35:59	MarkDuplicates	Read    40,000,000 records.  Elapsed time: 00:04:15s.  Time for last 1,000,000:    6s.  Last read position: chr2:31,716,729
INFO	2018-09-26 11:35:59	MarkDuplicates	Tracking 190094 as yet unmatched pairs. 58465 records in RAM.
INFO	2018-09-26 11:36:03	MarkDuplicates	Read    41,000,000 records.  Elapsed time: 00:04:19s.  Time for last 1,000,000:    3s.  Last read position: chr2:33,141,319
INFO	2018-09-26 11:36:03	MarkDuplicates	Tracking 887258 as yet unmatched pairs. 716079 records in RAM.
INFO	2018-09-26 11:36:12	MarkDuplicates	Read    42,000,000 records.  Elapsed time: 00:04:28s.  Time for last 1,000,000:    9s.  Last read position: chr2:33,141,361
INFO	2018-09-26 11:36:12	MarkDuplicates	Tracking 1841566 as yet unmatched pairs. 1652627 records in RAM.
INFO	2018-09-26 11:36:15	MarkDuplicates	Read    43,000,000 records.  Elapsed time: 00:04:32s.  Time for last 1,000,000:    3s.  Last read position: chr2:33,141,361
INFO	2018-09-26 11:36:15	MarkDuplicates	Tracking 2814066 as yet unmatched pairs. 2616210 records in RAM.
INFO	2018-09-26 11:36:26	MarkDuplicates	Read    44,000,000 records.  Elapsed time: 00:04:43s.  Time for last 1,000,000:   10s.  Last read position: chr2:33,141,361
INFO	2018-09-26 11:36:26	MarkDuplicates	Tracking 3773056 as yet unmatched pairs. 3563518 records in RAM.
INFO	2018-09-26 11:36:33	MarkDuplicates	Read    45,000,000 records.  Elapsed time: 00:04:50s.  Time for last 1,000,000:    7s.  Last read position: chr2:33,141,361
INFO	2018-09-26 11:36:33	MarkDuplicates	Tracking 4722080 as yet unmatched pairs. 4492641 records in RAM.
INFO	2018-09-26 11:36:39	MarkDuplicates	Read    46,000,000 records.  Elapsed time: 00:04:55s.  Time for last 1,000,000:    5s.  Last read position: chr2:33,141,361
INFO	2018-09-26 11:36:39	MarkDuplicates	Tracking 5683864 as yet unmatched pairs. 5438683 records in RAM.
INFO	2018-09-26 11:36:43	MarkDuplicates	Read    47,000,000 records.  Elapsed time: 00:05:00s.  Time for last 1,000,000:    4s.  Last read position: chr2:33,141,361
INFO	2018-09-26 11:36:43	MarkDuplicates	Tracking 6652062 as yet unmatched pairs. 6397830 records in RAM.
INFO	2018-09-26 11:37:02	MarkDuplicates	Read    48,000,000 records.  Elapsed time: 00:05:19s.  Time for last 1,000,000:   19s.  Last read position: chr2:33,141,361
INFO	2018-09-26 11:37:02	MarkDuplicates	Tracking 7620562 as yet unmatched pairs. 7357917 records in RAM.
INFO	2018-09-26 11:37:39	MarkDuplicates	Read    49,000,000 records.  Elapsed time: 00:05:55s.  Time for last 1,000,000:   36s.  Last read position: chr2:33,141,361
INFO	2018-09-26 11:37:39	MarkDuplicates	Tracking 8583992 as yet unmatched pairs. 8306726 records in RAM.
[Wed Sep 26 11:46:06 CEST 2018] picard.sam.markduplicates.MarkDuplicates done. Elapsed time: 14.38 minutes.
Runtime.totalMemory()=3651141632
To get help, see http://broadinstitute.github.io/picard/index.html#GettingHelp
Exception in thread "main" java.lang.OutOfMemoryError: Java heap space
	at htsjdk.samtools.util.BlockCompressedInputStream.inflateBlock(BlockCompressedInputStream.java:548)
	at htsjdk.samtools.util.BlockCompressedInputStream.processNextBlock(BlockCompressedInputStream.java:532)
	at htsjdk.samtools.util.BlockCompressedInputStream.nextBlock(BlockCompressedInputStream.java:468)
	at htsjdk.samtools.util.BlockCompressedInputStream.readBlock(BlockCompressedInputStream.java:458)
	at htsjdk.samtools.util.BlockCompressedInputStream.available(BlockCompressedInputStream.java:196)
	at htsjdk.samtools.util.BlockCompressedInputStream.read(BlockCompressedInputStream.java:331)
	at java.io.DataInputStream.read(DataInputStream.java:149)
	at htsjdk.samtools.util.BinaryCodec.readBytesOrFewer(BinaryCodec.java:418)
	at htsjdk.samtools.util.BinaryCodec.readBytes(BinaryCodec.java:394)
	at htsjdk.samtools.util.BinaryCodec.readByteBuffer(BinaryCodec.java:504)
	at htsjdk.samtools.util.BinaryCodec.readInt(BinaryCodec.java:515)
	at htsjdk.samtools.BAMRecordCodec.decode(BAMRecordCodec.java:247)
	at htsjdk.samtools.BAMFileReader$BAMFileIterator.getNextRecord(BAMFileReader.java:829)
	at htsjdk.samtools.BAMFileReader$BAMFileIterator.advance(BAMFileReader.java:803)
	at htsjdk.samtools.BAMFileReader$BAMFileIterator.next(BAMFileReader.java:797)
	at htsjdk.samtools.BAMFileReader$BAMFileIterator.next(BAMFileReader.java:765)
	at htsjdk.samtools.SamReader$AssertingIterator.next(SamReader.java:576)
	at htsjdk.samtools.SamReader$AssertingIterator.next(SamReader.java:548)
	at picard.sam.markduplicates.MarkDuplicates.buildSortedReadEndLists(MarkDuplicates.java:503)
	at picard.sam.markduplicates.MarkDuplicates.doWork(MarkDuplicates.java:232)
	at picard.cmdline.CommandLineProgram.instanceMain(CommandLineProgram.java:295)
	at picard.cmdline.PicardCommandLine.instanceMain(PicardCommandLine.java:103)
	at picard.cmdline.PicardCommandLine.main(PicardCommandLine.java:113)
