+ echo /scratch/sduhumac/kristina/data/genova/plasma/output
/scratch/sduhumac/kristina/data/genova/plasma/output
+ SAMPLEID=G35-5_illumina-truseq-genome_HY22CBGXY
+ OUTPUT=/scratch/sduhumac/kristina/data/genova/plasma/output
+ qualimap bamqc -bam /scratch/sduhumac/kristina/data/genova/plasma/output/G35-5_illumina-truseq-genome_HY22CBGXY_sorted_nodup.bam -nt 24 -c -sd -outdir /scratch/sduhumac/kristina/data/genova/plasma/output/qc/G35-5_illumina-truseq-genome_HY22CBGXY/ --java-mem-size=20G
Java memory size is set to 20G
Launching application...

QualiMap v.2.2.2-dev
Built on 2017-08-28 08:37

Selected tool: bamqc
Available memory (Mb): 32
Max memory (Mb): 19088
Starting bam qc....
Loading sam header...
Loading locator...
Loading reference...
Only flagged duplicate alignments will be skipped...
Number of windows: 400, effective number of windows: 424
Chunk of reads size: 1000
Number of threads: 24
Processed 50 out of 424 windows...
Processed 100 out of 424 windows...
Processed 150 out of 424 windows...
Processed 200 out of 424 windows...
Processed 250 out of 424 windows...
Processed 300 out of 424 windows...
Processed 350 out of 424 windows...
Processed 400 out of 424 windows...
Total processed windows:424
Number of reads: 373623564
Number of valid reads: 352608051
Number of correct strand reads:0

Inside of regions...
Num mapped reads: 352608051
Num mapped first of pair: 176746889
Num mapped second of pair: 175861162
Num singletons: 1292731
Time taken to analyze reads: 2063
Computing descriptors...
numberOfMappedBases: 13962102379
referenceSize: 3095693983
numberOfSequencedBases: 13960293757
numberOfAs: 4029392618
Computing per chromosome statistics...
Computing histograms...
Overall analysis time: 2249
end of bam qc
Computing report...
Writing HTML report...
HTML report created successfully

Finished
