+ echo /scratch/sduhumac/kristina/data/genova/plasma/output
/scratch/sduhumac/kristina/data/genova/plasma/output
+ SAMPLEID=G35-2_illumina-truseq-genome_merged
+ OUTPUT=/scratch/sduhumac/kristina/data/genova/plasma/output
+ qualimap bamqc -bam /scratch/sduhumac/kristina/data/genova/plasma/output/G35-2_illumina-truseq-genome_merged_sorted_nodup.bam -nt 24 -c -sd -outdir /scratch/sduhumac/kristina/data/genova/plasma/output/qc/G35-2_illumina-truseq-genome_merged/ --java-mem-size=20G
Java memory size is set to 20G
Launching application...

QualiMap v.2.2.2-dev
Built on 2017-08-28 08:37

Selected tool: bamqc
Available memory (Mb): 32
Max memory (Mb): 19088
Starting bam qc....
Loading sam header...
Loading locator...
Loading reference...
Only flagged duplicate alignments will be skipped...
Number of windows: 400, effective number of windows: 424
Chunk of reads size: 1000
Number of threads: 24
Processed 50 out of 424 windows...
Processed 100 out of 424 windows...
Processed 150 out of 424 windows...
Processed 200 out of 424 windows...
Processed 250 out of 424 windows...
Processed 300 out of 424 windows...
Processed 350 out of 424 windows...
Processed 400 out of 424 windows...
Total processed windows:424
Number of reads: 391990539
Number of valid reads: 332838748
Number of correct strand reads:0

Inside of regions...
Num mapped reads: 332838748
Num mapped first of pair: 167217638
Num mapped second of pair: 165621110
Num singletons: 2124460
Time taken to analyze reads: 1451
Computing descriptors...
numberOfMappedBases: 14044163734
referenceSize: 3095693983
numberOfSequencedBases: 14041868034
numberOfAs: 4007469426
Computing per chromosome statistics...
Computing histograms...
Overall analysis time: 1511
end of bam qc
Computing report...
Writing HTML report...
HTML report created successfully

Finished
