+ echo /scratch/sduhumac/kristina/data/genova/plasma/output
/scratch/sduhumac/kristina/data/genova/plasma/output
+ SAMPLEID=G35-1_illumina-truseq-genome_merged
+ OUTPUT=/scratch/sduhumac/kristina/data/genova/plasma/output
+ qualimap bamqc -bam /scratch/sduhumac/kristina/data/genova/plasma/output/G35-1_illumina-truseq-genome_merged_sorted_nodup.bam -nt 24 -c -sd -outdir /scratch/sduhumac/kristina/data/genova/plasma/output/qc/G35-1_illumina-truseq-genome_merged/ --java-mem-size=20G
Java memory size is set to 20G
Launching application...

QualiMap v.2.2.2-dev
Built on 2017-08-28 08:37

Selected tool: bamqc
Available memory (Mb): 32
Max memory (Mb): 19088
Thu Sep 27 09:03:37 CEST 2018		WARNING	Output folder already exists, the results will be saved there

Starting bam qc....
Loading sam header...
Loading locator...
Loading reference...
Only flagged duplicate alignments will be skipped...
Number of windows: 400, effective number of windows: 424
Chunk of reads size: 1000
Number of threads: 24
Processed 50 out of 424 windows...
Processed 100 out of 424 windows...
Processed 150 out of 424 windows...
Processed 200 out of 424 windows...
Processed 250 out of 424 windows...
Processed 300 out of 424 windows...
Processed 350 out of 424 windows...
Processed 400 out of 424 windows...
Total processed windows:424
Number of reads: 905055516
Number of valid reads: 864878082
Number of correct strand reads:0

Inside of regions...
Num mapped reads: 864878082
Num mapped first of pair: 433571559
Num mapped second of pair: 431306523
Num singletons: 3040448
Time taken to analyze reads: 4069
Computing descriptors...
numberOfMappedBases: 36006108735
referenceSize: 3095693983
numberOfSequencedBases: 36000881669
numberOfAs: 10590207737
Computing per chromosome statistics...
Computing histograms...
Overall analysis time: 4383
end of bam qc
Computing report...
Writing HTML report...
HTML report created successfully

Finished
