+ echo /scratch/sduhumac/kristina/data/genova/plasma/output
/scratch/sduhumac/kristina/data/genova/plasma/output
+ SAMPLEID=G35-3_illumina-truseq-genome_HY35GBGXY
+ OUTPUT=/scratch/sduhumac/kristina/data/genova/plasma/output
+ qualimap bamqc -bam /scratch/sduhumac/kristina/data/genova/plasma/output/G35-3_illumina-truseq-genome_HY35GBGXY_sorted_nodup.bam -nt 24 -c -sd -outdir /scratch/sduhumac/kristina/data/genova/plasma/output/qc/G35-3_illumina-truseq-genome_HY35GBGXY/ --java-mem-size=20G
Java memory size is set to 20G
Launching application...

QualiMap v.2.2.2-dev
Built on 2017-08-28 08:37

Selected tool: bamqc
Available memory (Mb): 32
Max memory (Mb): 19088
Starting bam qc....
Loading sam header...
Loading locator...
Loading reference...
Only flagged duplicate alignments will be skipped...
Number of windows: 400, effective number of windows: 424
Chunk of reads size: 1000
Number of threads: 24
Processed 50 out of 424 windows...
Processed 100 out of 424 windows...
Processed 150 out of 424 windows...
Processed 200 out of 424 windows...
Processed 250 out of 424 windows...
Processed 300 out of 424 windows...
Processed 350 out of 424 windows...
Processed 400 out of 424 windows...
Total processed windows:424
Number of reads: 241283988
Number of valid reads: 227500783
Number of correct strand reads:0

Inside of regions...
Num mapped reads: 227500783
Num mapped first of pair: 114179371
Num mapped second of pair: 113321412
Num singletons: 1255485
Time taken to analyze reads: 954
Computing descriptors...
numberOfMappedBases: 9010678304
referenceSize: 3095693983
numberOfSequencedBases: 9009509623
numberOfAs: 2603679756
Computing per chromosome statistics...
Computing histograms...
Overall analysis time: 1048
end of bam qc
Computing report...
Writing HTML report...
HTML report created successfully

Finished
