gzip: /gpfs/gss1/work/sduhumac/kristina/data/genova/tumor_blood/*_R1.fastq.gz: No such file or directory
gzip: /gpfs/gss1/work/sduhumac/kristina/data/genova/tumor_blood/*_R2.fastq.gz: No such file or directory
java -Djava.library.path=/gpfs/gss1/work/sduhumac/tools/pkgs/bbmap-36.32-0/opt/bbmap-36.32/jni/ -ea -Xmx20g -Xms20g -cp /gpfs/gss1/work/sduhumac/tools/pkgs/bbmap-36.32-0/opt/bbmap-36.32/current/ jgi.BBDukF -Xmx20g in1=//gpfs/gss1/work/sduhumac/kristina/data/genova/tumor_blood/G35-16ouh013390_illumina-truseq-genome_HLYWNBGXY_R1.fastq in2=//gpfs/gss1/work/sduhumac/kristina/data/genova/tumor_blood/G35-16ouh013390_illumina-truseq-genome_HLYWNBGXY_R2.fastq out1=//gpfs/gss1/work/sduhumac/kristina/data/genova/tumor_blood/G35-16ouh013390_illumina-truseq-genome_HLYWNBGXY_clean_R1.fastq out2=//gpfs/gss1/work/sduhumac/kristina/data/genova/tumor_blood/G35-16ouh013390_illumina-truseq-genome_HLYWNBGXY_clean_R2.fastq ref=/gpfs/gss1/work/sduhumac/tools/pkgs/bbmap-36.32-0/opt/bbmap-36.32//resources/adapters.fa ktrim=r ktrim=l k=23 mink=11 hdist=1 tpe tbo qtrim=rl trimq=10 maq=10 minlen=25
Executing jgi.BBDukF [-Xmx20g, in1=//gpfs/gss1/work/sduhumac/kristina/data/genova/tumor_blood/G35-16ouh013390_illumina-truseq-genome_HLYWNBGXY_R1.fastq, in2=//gpfs/gss1/work/sduhumac/kristina/data/genova/tumor_blood/G35-16ouh013390_illumina-truseq-genome_HLYWNBGXY_R2.fastq, out1=//gpfs/gss1/work/sduhumac/kristina/data/genova/tumor_blood/G35-16ouh013390_illumina-truseq-genome_HLYWNBGXY_clean_R1.fastq, out2=//gpfs/gss1/work/sduhumac/kristina/data/genova/tumor_blood/G35-16ouh013390_illumina-truseq-genome_HLYWNBGXY_clean_R2.fastq, ref=/gpfs/gss1/work/sduhumac/tools/pkgs/bbmap-36.32-0/opt/bbmap-36.32//resources/adapters.fa, ktrim=r, ktrim=l, k=23, mink=11, hdist=1, tpe, tbo, qtrim=rl, trimq=10, maq=10, minlen=25]

BBDuk version 36.32
maskMiddle was disabled because useShortKmers=true
Initial:
Memory: max=20580m, free=19828m, used=752m

Added 216529 kmers; time: 	0.595 seconds.
Memory: max=20580m, free=18862m, used=1718m

Input is being processed as paired
Started output streams:	0.185 seconds.
Processing time:   		50.849 seconds.

Input:                  	284085056 reads 		11363402240 bases.
QTrimmed:               	133467 reads (0.05%) 	2254792 bases (0.02%)
KTrimmed:               	167438 reads (0.06%) 	2633885 bases (0.02%)
Trimmed by overlap:     	0 reads (0.00%) 	0 bases (0.00%)
Low quality discards:   	0 reads (0.00%) 	0 bases (0.00%)
Total Removed:          	74550 reads (0.03%) 	4888677 bases (0.04%)
Result:                 	284010506 reads (99.97%) 	11358513563 bases (99.96%)

Time:   			51.644 seconds.
Reads Processed:        284m 	5500.83k reads/sec
Bases Processed:      11363m 	220.03m bases/sec
java -Djava.library.path=/gpfs/gss1/work/sduhumac/tools/pkgs/bbmap-36.32-0/opt/bbmap-36.32/jni/ -ea -Xmx20g -Xms20g -cp /gpfs/gss1/work/sduhumac/tools/pkgs/bbmap-36.32-0/opt/bbmap-36.32/current/ jgi.BBDukF -Xmx20g in1=//gpfs/gss1/work/sduhumac/kristina/data/genova/tumor_blood/G35-16ouh025073_illumina-truseq-genome_HLYWNBGXY_R1.fastq in2=//gpfs/gss1/work/sduhumac/kristina/data/genova/tumor_blood/G35-16ouh025073_illumina-truseq-genome_HLYWNBGXY_R2.fastq out1=//gpfs/gss1/work/sduhumac/kristina/data/genova/tumor_blood/G35-16ouh025073_illumina-truseq-genome_HLYWNBGXY_clean_R1.fastq out2=//gpfs/gss1/work/sduhumac/kristina/data/genova/tumor_blood/G35-16ouh025073_illumina-truseq-genome_HLYWNBGXY_clean_R2.fastq ref=/gpfs/gss1/work/sduhumac/tools/pkgs/bbmap-36.32-0/opt/bbmap-36.32//resources/adapters.fa ktrim=r ktrim=l k=23 mink=11 hdist=1 tpe tbo qtrim=rl trimq=10 maq=10 minlen=25
Executing jgi.BBDukF [-Xmx20g, in1=//gpfs/gss1/work/sduhumac/kristina/data/genova/tumor_blood/G35-16ouh025073_illumina-truseq-genome_HLYWNBGXY_R1.fastq, in2=//gpfs/gss1/work/sduhumac/kristina/data/genova/tumor_blood/G35-16ouh025073_illumina-truseq-genome_HLYWNBGXY_R2.fastq, out1=//gpfs/gss1/work/sduhumac/kristina/data/genova/tumor_blood/G35-16ouh025073_illumina-truseq-genome_HLYWNBGXY_clean_R1.fastq, out2=//gpfs/gss1/work/sduhumac/kristina/data/genova/tumor_blood/G35-16ouh025073_illumina-truseq-genome_HLYWNBGXY_clean_R2.fastq, ref=/gpfs/gss1/work/sduhumac/tools/pkgs/bbmap-36.32-0/opt/bbmap-36.32//resources/adapters.fa, ktrim=r, ktrim=l, k=23, mink=11, hdist=1, tpe, tbo, qtrim=rl, trimq=10, maq=10, minlen=25]

BBDuk version 36.32
maskMiddle was disabled because useShortKmers=true
Initial:
Memory: max=20580m, free=19936m, used=644m

Added 216529 kmers; time: 	0.165 seconds.
Memory: max=20580m, free=18862m, used=1718m

Input is being processed as paired
Started output streams:	0.210 seconds.
Processing time:   		42.823 seconds.

Input:                  	234864362 reads 		9394574480 bases.
QTrimmed:               	110077 reads (0.05%) 	1881603 bases (0.02%)
KTrimmed:               	134222 reads (0.06%) 	2024595 bases (0.02%)
Trimmed by overlap:     	0 reads (0.00%) 	0 bases (0.00%)
Low quality discards:   	0 reads (0.00%) 	0 bases (0.00%)
Total Removed:          	58378 reads (0.02%) 	3906198 bases (0.04%)
Result:                 	234805984 reads (99.98%) 	9390668282 bases (99.96%)

Time:   			43.209 seconds.
Reads Processed:        234m 	5435.60k reads/sec
Bases Processed:       9394m 	217.42m bases/sec
java -Djava.library.path=/gpfs/gss1/work/sduhumac/tools/pkgs/bbmap-36.32-0/opt/bbmap-36.32/jni/ -ea -Xmx20g -Xms20g -cp /gpfs/gss1/work/sduhumac/tools/pkgs/bbmap-36.32-0/opt/bbmap-36.32/current/ jgi.BBDukF -Xmx20g in1=//gpfs/gss1/work/sduhumac/kristina/data/genova/tumor_blood/G35-16ouh026289_illumina-truseq-genome_HLYWNBGXY_R1.fastq in2=//gpfs/gss1/work/sduhumac/kristina/data/genova/tumor_blood/G35-16ouh026289_illumina-truseq-genome_HLYWNBGXY_R2.fastq out1=//gpfs/gss1/work/sduhumac/kristina/data/genova/tumor_blood/G35-16ouh026289_illumina-truseq-genome_HLYWNBGXY_clean_R1.fastq out2=//gpfs/gss1/work/sduhumac/kristina/data/genova/tumor_blood/G35-16ouh026289_illumina-truseq-genome_HLYWNBGXY_clean_R2.fastq ref=/gpfs/gss1/work/sduhumac/tools/pkgs/bbmap-36.32-0/opt/bbmap-36.32//resources/adapters.fa ktrim=r ktrim=l k=23 mink=11 hdist=1 tpe tbo qtrim=rl trimq=10 maq=10 minlen=25
Executing jgi.BBDukF [-Xmx20g, in1=//gpfs/gss1/work/sduhumac/kristina/data/genova/tumor_blood/G35-16ouh026289_illumina-truseq-genome_HLYWNBGXY_R1.fastq, in2=//gpfs/gss1/work/sduhumac/kristina/data/genova/tumor_blood/G35-16ouh026289_illumina-truseq-genome_HLYWNBGXY_R2.fastq, out1=//gpfs/gss1/work/sduhumac/kristina/data/genova/tumor_blood/G35-16ouh026289_illumina-truseq-genome_HLYWNBGXY_clean_R1.fastq, out2=//gpfs/gss1/work/sduhumac/kristina/data/genova/tumor_blood/G35-16ouh026289_illumina-truseq-genome_HLYWNBGXY_clean_R2.fastq, ref=/gpfs/gss1/work/sduhumac/tools/pkgs/bbmap-36.32-0/opt/bbmap-36.32//resources/adapters.fa, ktrim=r, ktrim=l, k=23, mink=11, hdist=1, tpe, tbo, qtrim=rl, trimq=10, maq=10, minlen=25]

BBDuk version 36.32
maskMiddle was disabled because useShortKmers=true
Initial:
Memory: max=20580m, free=19828m, used=752m

Added 216529 kmers; time: 	0.174 seconds.
Memory: max=20580m, free=18862m, used=1718m

Input is being processed as paired
Started output streams:	0.230 seconds.
Processing time:   		48.904 seconds.

Input:                  	265085754 reads 		10603430160 bases.
QTrimmed:               	127996 reads (0.05%) 	2153945 bases (0.02%)
KTrimmed:               	146725 reads (0.06%) 	2075182 bases (0.02%)
Trimmed by overlap:     	0 reads (0.00%) 	0 bases (0.00%)
Low quality discards:   	0 reads (0.00%) 	0 bases (0.00%)
Total Removed:          	61084 reads (0.02%) 	4229127 bases (0.04%)
Result:                 	265024670 reads (99.98%) 	10599201033 bases (99.96%)

Time:   			49.318 seconds.
Reads Processed:        265m 	5375.00k reads/sec
Bases Processed:      10603m 	215.00m bases/sec
java -Djava.library.path=/gpfs/gss1/work/sduhumac/tools/pkgs/bbmap-36.32-0/opt/bbmap-36.32/jni/ -ea -Xmx20g -Xms20g -cp /gpfs/gss1/work/sduhumac/tools/pkgs/bbmap-36.32-0/opt/bbmap-36.32/current/ jgi.BBDukF -Xmx20g in1=//gpfs/gss1/work/sduhumac/kristina/data/genova/tumor_blood/G35-kbs1_illumina-truseq-genome_HY35GBGXY_R1.fastq in2=//gpfs/gss1/work/sduhumac/kristina/data/genova/tumor_blood/G35-kbs1_illumina-truseq-genome_HY35GBGXY_R2.fastq out1=//gpfs/gss1/work/sduhumac/kristina/data/genova/tumor_blood/G35-kbs1_illumina-truseq-genome_HY35GBGXY_clean_R1.fastq out2=//gpfs/gss1/work/sduhumac/kristina/data/genova/tumor_blood/G35-kbs1_illumina-truseq-genome_HY35GBGXY_clean_R2.fastq ref=/gpfs/gss1/work/sduhumac/tools/pkgs/bbmap-36.32-0/opt/bbmap-36.32//resources/adapters.fa ktrim=r ktrim=l k=23 mink=11 hdist=1 tpe tbo qtrim=rl trimq=10 maq=10 minlen=25
Executing jgi.BBDukF [-Xmx20g, in1=//gpfs/gss1/work/sduhumac/kristina/data/genova/tumor_blood/G35-kbs1_illumina-truseq-genome_HY35GBGXY_R1.fastq, in2=//gpfs/gss1/work/sduhumac/kristina/data/genova/tumor_blood/G35-kbs1_illumina-truseq-genome_HY35GBGXY_R2.fastq, out1=//gpfs/gss1/work/sduhumac/kristina/data/genova/tumor_blood/G35-kbs1_illumina-truseq-genome_HY35GBGXY_clean_R1.fastq, out2=//gpfs/gss1/work/sduhumac/kristina/data/genova/tumor_blood/G35-kbs1_illumina-truseq-genome_HY35GBGXY_clean_R2.fastq, ref=/gpfs/gss1/work/sduhumac/tools/pkgs/bbmap-36.32-0/opt/bbmap-36.32//resources/adapters.fa, ktrim=r, ktrim=l, k=23, mink=11, hdist=1, tpe, tbo, qtrim=rl, trimq=10, maq=10, minlen=25]

BBDuk version 36.32
maskMiddle was disabled because useShortKmers=true
Initial:
Memory: max=20580m, free=19936m, used=644m

Added 216529 kmers; time: 	0.245 seconds.
Memory: max=20580m, free=18862m, used=1718m

Input is being processed as paired
Started output streams:	0.115 seconds.
Processing time:   		45.773 seconds.

Input:                  	250417426 reads 		10016697040 bases.
QTrimmed:               	113462 reads (0.05%) 	2605016 bases (0.03%)
KTrimmed:               	230423 reads (0.09%) 	5639201 bases (0.06%)
Trimmed by overlap:     	0 reads (0.00%) 	0 bases (0.00%)
Low quality discards:   	0 reads (0.00%) 	0 bases (0.00%)
Total Removed:          	161866 reads (0.06%) 	8244217 bases (0.08%)
Result:                 	250255560 reads (99.94%) 	10008452823 bases (99.92%)

Time:   			46.144 seconds.
Reads Processed:        250m 	5426.93k reads/sec
Bases Processed:      10016m 	217.08m bases/sec
java -Djava.library.path=/gpfs/gss1/work/sduhumac/tools/pkgs/bbmap-36.32-0/opt/bbmap-36.32/jni/ -ea -Xmx20g -Xms20g -cp /gpfs/gss1/work/sduhumac/tools/pkgs/bbmap-36.32-0/opt/bbmap-36.32/current/ jgi.BBDukF -Xmx20g in1=//gpfs/gss1/work/sduhumac/kristina/data/genova/tumor_blood/G35-kbs2_illumina-truseq-genome_HY22CBGXY_R1.fastq in2=//gpfs/gss1/work/sduhumac/kristina/data/genova/tumor_blood/G35-kbs2_illumina-truseq-genome_HY22CBGXY_R2.fastq out1=//gpfs/gss1/work/sduhumac/kristina/data/genova/tumor_blood/G35-kbs2_illumina-truseq-genome_HY22CBGXY_clean_R1.fastq out2=//gpfs/gss1/work/sduhumac/kristina/data/genova/tumor_blood/G35-kbs2_illumina-truseq-genome_HY22CBGXY_clean_R2.fastq ref=/gpfs/gss1/work/sduhumac/tools/pkgs/bbmap-36.32-0/opt/bbmap-36.32//resources/adapters.fa ktrim=r ktrim=l k=23 mink=11 hdist=1 tpe tbo qtrim=rl trimq=10 maq=10 minlen=25
Executing jgi.BBDukF [-Xmx20g, in1=//gpfs/gss1/work/sduhumac/kristina/data/genova/tumor_blood/G35-kbs2_illumina-truseq-genome_HY22CBGXY_R1.fastq, in2=//gpfs/gss1/work/sduhumac/kristina/data/genova/tumor_blood/G35-kbs2_illumina-truseq-genome_HY22CBGXY_R2.fastq, out1=//gpfs/gss1/work/sduhumac/kristina/data/genova/tumor_blood/G35-kbs2_illumina-truseq-genome_HY22CBGXY_clean_R1.fastq, out2=//gpfs/gss1/work/sduhumac/kristina/data/genova/tumor_blood/G35-kbs2_illumina-truseq-genome_HY22CBGXY_clean_R2.fastq, ref=/gpfs/gss1/work/sduhumac/tools/pkgs/bbmap-36.32-0/opt/bbmap-36.32//resources/adapters.fa, ktrim=r, ktrim=l, k=23, mink=11, hdist=1, tpe, tbo, qtrim=rl, trimq=10, maq=10, minlen=25]

BBDuk version 36.32
maskMiddle was disabled because useShortKmers=true
Initial:
Memory: max=20580m, free=19828m, used=752m

Added 216529 kmers; time: 	0.162 seconds.
Memory: max=20580m, free=18862m, used=1718m

Input is being processed as paired
Started output streams:	0.176 seconds.
Processing time:   		38.660 seconds.

Input:                  	210644362 reads 		8425774480 bases.
QTrimmed:               	245475 reads (0.12%) 	12745081 bases (0.15%)
KTrimmed:               	167327 reads (0.08%) 	3748757 bases (0.04%)
Trimmed by overlap:     	0 reads (0.00%) 	0 bases (0.00%)
Low quality discards:   	0 reads (0.00%) 	0 bases (0.00%)
Total Removed:          	373180 reads (0.18%) 	16493838 bases (0.20%)
Result:                 	210271182 reads (99.82%) 	8409280642 bases (99.80%)

Time:   			39.008 seconds.
Reads Processed:        210m 	5400.06k reads/sec
Bases Processed:       8425m 	216.00m bases/sec
/var/spool/slurm//job1871067/slurm_script: line 37: /gpfs/gss1/work/sduhumac/tools/pkgs/bwa-0.7.15-0/bin: Is a directory
/var/spool/slurm//job1871067/slurm_script: line 40: /gpfs/gss1/work/sduhumac/tools/pkgs/samtools-1.3.1-4/bin: Is a directory
/var/spool/slurm//job1871067/slurm_script: line 44: /gpfs/gss1/work/sduhumac/tools/pkgs/samtools-1.3.1-4/bin: Is a directory
/var/spool/slurm//job1871067/slurm_script: line 46: /gpfs/gss1/work/sduhumac/tools/pkgs/samtools-1.3.1-4/bin: Is a directory
Error: Unable to access jarfile /gpfs/gss1/work/sduhumac/tools/pkgs/picard-2.7.1-py35_0/bin/MarkDuplicates.jar
/var/spool/slurm//job1871067/slurm_script: line 50: /gpfs/gss1/work/sduhumac/tools/pkgs/samtools-1.3.1-4/bin: Is a directory
rm: cannot remove ‘/gpfs/gss1/work/sduhumac/kristina/data/genova/tumor_blood/output/G35-16ouh013390_illumina-truseq-genome_HLYWNBGXY_sorted.bam’: No such file or directory
rm: cannot remove ‘/gpfs/gss1/work/sduhumac/kristina/data/genova/tumor_blood/output/G35-16ouh013390_illumina-truseq-genome_HLYWNBGXY_sorted.bai’: No such file or directory
/var/spool/slurm//job1871067/slurm_script: line 37: /gpfs/gss1/work/sduhumac/tools/pkgs/bwa-0.7.15-0/bin: Is a directory
/var/spool/slurm//job1871067/slurm_script: line 40: /gpfs/gss1/work/sduhumac/tools/pkgs/samtools-1.3.1-4/bin: Is a directory
/var/spool/slurm//job1871067/slurm_script: line 44: /gpfs/gss1/work/sduhumac/tools/pkgs/samtools-1.3.1-4/bin: Is a directory
/var/spool/slurm//job1871067/slurm_script: line 46: /gpfs/gss1/work/sduhumac/tools/pkgs/samtools-1.3.1-4/bin: Is a directory
Error: Unable to access jarfile /gpfs/gss1/work/sduhumac/tools/pkgs/picard-2.7.1-py35_0/bin/MarkDuplicates.jar
/var/spool/slurm//job1871067/slurm_script: line 50: /gpfs/gss1/work/sduhumac/tools/pkgs/samtools-1.3.1-4/bin: Is a directory
rm: cannot remove ‘/gpfs/gss1/work/sduhumac/kristina/data/genova/tumor_blood/output/G35-16ouh025073_illumina-truseq-genome_HLYWNBGXY_sorted.bam’: No such file or directory
rm: cannot remove ‘/gpfs/gss1/work/sduhumac/kristina/data/genova/tumor_blood/output/G35-16ouh025073_illumina-truseq-genome_HLYWNBGXY_sorted.bai’: No such file or directory
/var/spool/slurm//job1871067/slurm_script: line 37: /gpfs/gss1/work/sduhumac/tools/pkgs/bwa-0.7.15-0/bin: Is a directory
/var/spool/slurm//job1871067/slurm_script: line 40: /gpfs/gss1/work/sduhumac/tools/pkgs/samtools-1.3.1-4/bin: Is a directory
/var/spool/slurm//job1871067/slurm_script: line 44: /gpfs/gss1/work/sduhumac/tools/pkgs/samtools-1.3.1-4/bin: Is a directory
/var/spool/slurm//job1871067/slurm_script: line 46: /gpfs/gss1/work/sduhumac/tools/pkgs/samtools-1.3.1-4/bin: Is a directory
Error: Unable to access jarfile /gpfs/gss1/work/sduhumac/tools/pkgs/picard-2.7.1-py35_0/bin/MarkDuplicates.jar
/var/spool/slurm//job1871067/slurm_script: line 50: /gpfs/gss1/work/sduhumac/tools/pkgs/samtools-1.3.1-4/bin: Is a directory
rm: cannot remove ‘/gpfs/gss1/work/sduhumac/kristina/data/genova/tumor_blood/output/G35-16ouh026289_illumina-truseq-genome_HLYWNBGXY_sorted.bam’: No such file or directory
rm: cannot remove ‘/gpfs/gss1/work/sduhumac/kristina/data/genova/tumor_blood/output/G35-16ouh026289_illumina-truseq-genome_HLYWNBGXY_sorted.bai’: No such file or directory
/var/spool/slurm//job1871067/slurm_script: line 37: /gpfs/gss1/work/sduhumac/tools/pkgs/bwa-0.7.15-0/bin: Is a directory
/var/spool/slurm//job1871067/slurm_script: line 40: /gpfs/gss1/work/sduhumac/tools/pkgs/samtools-1.3.1-4/bin: Is a directory
/var/spool/slurm//job1871067/slurm_script: line 44: /gpfs/gss1/work/sduhumac/tools/pkgs/samtools-1.3.1-4/bin: Is a directory
/var/spool/slurm//job1871067/slurm_script: line 46: /gpfs/gss1/work/sduhumac/tools/pkgs/samtools-1.3.1-4/bin: Is a directory
Error: Unable to access jarfile /gpfs/gss1/work/sduhumac/tools/pkgs/picard-2.7.1-py35_0/bin/MarkDuplicates.jar
/var/spool/slurm//job1871067/slurm_script: line 50: /gpfs/gss1/work/sduhumac/tools/pkgs/samtools-1.3.1-4/bin: Is a directory
rm: cannot remove ‘/gpfs/gss1/work/sduhumac/kristina/data/genova/tumor_blood/output/G35-kbs1_illumina-truseq-genome_HY35GBGXY_sorted.bam’: No such file or directory
rm: cannot remove ‘/gpfs/gss1/work/sduhumac/kristina/data/genova/tumor_blood/output/G35-kbs1_illumina-truseq-genome_HY35GBGXY_sorted.bai’: No such file or directory
/var/spool/slurm//job1871067/slurm_script: line 37: /gpfs/gss1/work/sduhumac/tools/pkgs/bwa-0.7.15-0/bin: Is a directory
/var/spool/slurm//job1871067/slurm_script: line 40: /gpfs/gss1/work/sduhumac/tools/pkgs/samtools-1.3.1-4/bin: Is a directory
/var/spool/slurm//job1871067/slurm_script: line 44: /gpfs/gss1/work/sduhumac/tools/pkgs/samtools-1.3.1-4/bin: Is a directory
/var/spool/slurm//job1871067/slurm_script: line 46: /gpfs/gss1/work/sduhumac/tools/pkgs/samtools-1.3.1-4/bin: Is a directory
Error: Unable to access jarfile /gpfs/gss1/work/sduhumac/tools/pkgs/picard-2.7.1-py35_0/bin/MarkDuplicates.jar
/var/spool/slurm//job1871067/slurm_script: line 50: /gpfs/gss1/work/sduhumac/tools/pkgs/samtools-1.3.1-4/bin: Is a directory
rm: cannot remove ‘/gpfs/gss1/work/sduhumac/kristina/data/genova/tumor_blood/output/G35-kbs2_illumina-truseq-genome_HY22CBGXY_sorted.bam’: No such file or directory
rm: cannot remove ‘/gpfs/gss1/work/sduhumac/kristina/data/genova/tumor_blood/output/G35-kbs2_illumina-truseq-genome_HY22CBGXY_sorted.bai’: No such file or directory
/var/spool/slurm//job1871067/slurm_script: line 57: cpanm: command not found
Can't open perl script "/gpfs/gss1/work/sduhumac/tools/pkgs/breakdancer-1.4.5-0/bin/bam2cfg.pl": No such file or directory
Can't open perl script "/gpfs/gss1/work/sduhumac/tools/pkgs/breakdancer-1.4.5-0/bin/BreakDancerMax.pl": No such file or directory
