gzip: /gpfs/gss1/work/sduhumac/kristina/data/genova/tumor_blood/*_R1.fastq.gz: No such file or directory
gzip: /gpfs/gss1/work/sduhumac/kristina/data/genova/tumor_blood/*_R2.fastq.gz: No such file or directory
java -Djava.library.path=/gpfs/gss1/work/sduhumac/tools/pkgs/bbmap-36.32-0/opt/bbmap-36.32/jni/ -ea -Xmx20g -Xms20g -cp /gpfs/gss1/work/sduhumac/tools/pkgs/bbmap-36.32-0/opt/bbmap-36.32/current/ jgi.BBDukF -Xmx20g in1=//gpfs/gss1/work/sduhumac/kristina/data/genova/tumor_blood/G35-16ouh013390_illumina-truseq-genome_HLYWNBGXY_clean_R1.fastq in2=//gpfs/gss1/work/sduhumac/kristina/data/genova/tumor_blood/G35-16ouh013390_illumina-truseq-genome_HLYWNBGXY_clean_R2.fastq out1=//gpfs/gss1/work/sduhumac/kristina/data/genova/tumor_blood/G35-16ouh013390_illumina-truseq-genome_HLYWNBGXY_clean_clean_R1.fastq out2=//gpfs/gss1/work/sduhumac/kristina/data/genova/tumor_blood/G35-16ouh013390_illumina-truseq-genome_HLYWNBGXY_clean_clean_R2.fastq ref=/gpfs/gss1/work/sduhumac/tools/pkgs/bbmap-36.32-0/opt/bbmap-36.32//resources/adapters.fa ktrim=r ktrim=l k=23 mink=11 hdist=1 tpe tbo qtrim=rl trimq=10 maq=10 minlen=25
Executing jgi.BBDukF [-Xmx20g, in1=//gpfs/gss1/work/sduhumac/kristina/data/genova/tumor_blood/G35-16ouh013390_illumina-truseq-genome_HLYWNBGXY_clean_R1.fastq, in2=//gpfs/gss1/work/sduhumac/kristina/data/genova/tumor_blood/G35-16ouh013390_illumina-truseq-genome_HLYWNBGXY_clean_R2.fastq, out1=//gpfs/gss1/work/sduhumac/kristina/data/genova/tumor_blood/G35-16ouh013390_illumina-truseq-genome_HLYWNBGXY_clean_clean_R1.fastq, out2=//gpfs/gss1/work/sduhumac/kristina/data/genova/tumor_blood/G35-16ouh013390_illumina-truseq-genome_HLYWNBGXY_clean_clean_R2.fastq, ref=/gpfs/gss1/work/sduhumac/tools/pkgs/bbmap-36.32-0/opt/bbmap-36.32//resources/adapters.fa, ktrim=r, ktrim=l, k=23, mink=11, hdist=1, tpe, tbo, qtrim=rl, trimq=10, maq=10, minlen=25]

BBDuk version 36.32
maskMiddle was disabled because useShortKmers=true
Initial:
Memory: max=20580m, free=19828m, used=752m

Added 216529 kmers; time: 	0.182 seconds.
Memory: max=20580m, free=18862m, used=1718m

Input is being processed as paired
Started output streams:	0.150 seconds.
Processing time:   		53.798 seconds.

Input:                  	284010506 reads 		11358513563 bases.
QTrimmed:               	0 reads (0.00%) 	0 bases (0.00%)
KTrimmed:               	217 reads (0.00%) 	6741 bases (0.00%)
Trimmed by overlap:     	0 reads (0.00%) 	0 bases (0.00%)
Low quality discards:   	0 reads (0.00%) 	0 bases (0.00%)
Total Removed:          	182 reads (0.00%) 	6741 bases (0.00%)
Result:                 	284010324 reads (100.00%) 	11358506822 bases (100.00%)

Time:   			54.143 seconds.
Reads Processed:        284m 	5245.58k reads/sec
Bases Processed:      11358m 	209.79m bases/sec
java -Djava.library.path=/gpfs/gss1/work/sduhumac/tools/pkgs/bbmap-36.32-0/opt/bbmap-36.32/jni/ -ea -Xmx20g -Xms20g -cp /gpfs/gss1/work/sduhumac/tools/pkgs/bbmap-36.32-0/opt/bbmap-36.32/current/ jgi.BBDukF -Xmx20g in1=//gpfs/gss1/work/sduhumac/kristina/data/genova/tumor_blood/G35-16ouh013390_illumina-truseq-genome_HLYWNBGXY_R1.fastq in2=//gpfs/gss1/work/sduhumac/kristina/data/genova/tumor_blood/G35-16ouh013390_illumina-truseq-genome_HLYWNBGXY_R2.fastq out1=//gpfs/gss1/work/sduhumac/kristina/data/genova/tumor_blood/G35-16ouh013390_illumina-truseq-genome_HLYWNBGXY_clean_R1.fastq out2=//gpfs/gss1/work/sduhumac/kristina/data/genova/tumor_blood/G35-16ouh013390_illumina-truseq-genome_HLYWNBGXY_clean_R2.fastq ref=/gpfs/gss1/work/sduhumac/tools/pkgs/bbmap-36.32-0/opt/bbmap-36.32//resources/adapters.fa ktrim=r ktrim=l k=23 mink=11 hdist=1 tpe tbo qtrim=rl trimq=10 maq=10 minlen=25
Executing jgi.BBDukF [-Xmx20g, in1=//gpfs/gss1/work/sduhumac/kristina/data/genova/tumor_blood/G35-16ouh013390_illumina-truseq-genome_HLYWNBGXY_R1.fastq, in2=//gpfs/gss1/work/sduhumac/kristina/data/genova/tumor_blood/G35-16ouh013390_illumina-truseq-genome_HLYWNBGXY_R2.fastq, out1=//gpfs/gss1/work/sduhumac/kristina/data/genova/tumor_blood/G35-16ouh013390_illumina-truseq-genome_HLYWNBGXY_clean_R1.fastq, out2=//gpfs/gss1/work/sduhumac/kristina/data/genova/tumor_blood/G35-16ouh013390_illumina-truseq-genome_HLYWNBGXY_clean_R2.fastq, ref=/gpfs/gss1/work/sduhumac/tools/pkgs/bbmap-36.32-0/opt/bbmap-36.32//resources/adapters.fa, ktrim=r, ktrim=l, k=23, mink=11, hdist=1, tpe, tbo, qtrim=rl, trimq=10, maq=10, minlen=25]

BBDuk version 36.32
maskMiddle was disabled because useShortKmers=true
Exception in thread "main" java.lang.AssertionError: File //gpfs/gss1/work/sduhumac/kristina/data/genova/tumor_blood/G35-16ouh013390_illumina-truseq-genome_HLYWNBGXY_clean_R1.fastq exists and overwrite=false
	at align2.Tools.testOutputFiles(Tools.java:356)
	at jgi.BBDukF.<init>(BBDukF.java:718)
	at jgi.BBDukF.main(BBDukF.java:66)
java -Djava.library.path=/gpfs/gss1/work/sduhumac/tools/pkgs/bbmap-36.32-0/opt/bbmap-36.32/jni/ -ea -Xmx20g -Xms20g -cp /gpfs/gss1/work/sduhumac/tools/pkgs/bbmap-36.32-0/opt/bbmap-36.32/current/ jgi.BBDukF -Xmx20g in1=//gpfs/gss1/work/sduhumac/kristina/data/genova/tumor_blood/G35-16ouh025073_illumina-truseq-genome_HLYWNBGXY_clean_R1.fastq in2=//gpfs/gss1/work/sduhumac/kristina/data/genova/tumor_blood/G35-16ouh025073_illumina-truseq-genome_HLYWNBGXY_clean_R2.fastq out1=//gpfs/gss1/work/sduhumac/kristina/data/genova/tumor_blood/G35-16ouh025073_illumina-truseq-genome_HLYWNBGXY_clean_clean_R1.fastq out2=//gpfs/gss1/work/sduhumac/kristina/data/genova/tumor_blood/G35-16ouh025073_illumina-truseq-genome_HLYWNBGXY_clean_clean_R2.fastq ref=/gpfs/gss1/work/sduhumac/tools/pkgs/bbmap-36.32-0/opt/bbmap-36.32//resources/adapters.fa ktrim=r ktrim=l k=23 mink=11 hdist=1 tpe tbo qtrim=rl trimq=10 maq=10 minlen=25
Executing jgi.BBDukF [-Xmx20g, in1=//gpfs/gss1/work/sduhumac/kristina/data/genova/tumor_blood/G35-16ouh025073_illumina-truseq-genome_HLYWNBGXY_clean_R1.fastq, in2=//gpfs/gss1/work/sduhumac/kristina/data/genova/tumor_blood/G35-16ouh025073_illumina-truseq-genome_HLYWNBGXY_clean_R2.fastq, out1=//gpfs/gss1/work/sduhumac/kristina/data/genova/tumor_blood/G35-16ouh025073_illumina-truseq-genome_HLYWNBGXY_clean_clean_R1.fastq, out2=//gpfs/gss1/work/sduhumac/kristina/data/genova/tumor_blood/G35-16ouh025073_illumina-truseq-genome_HLYWNBGXY_clean_clean_R2.fastq, ref=/gpfs/gss1/work/sduhumac/tools/pkgs/bbmap-36.32-0/opt/bbmap-36.32//resources/adapters.fa, ktrim=r, ktrim=l, k=23, mink=11, hdist=1, tpe, tbo, qtrim=rl, trimq=10, maq=10, minlen=25]

BBDuk version 36.32
maskMiddle was disabled because useShortKmers=true
Initial:
Memory: max=20580m, free=19828m, used=752m

Added 216529 kmers; time: 	0.189 seconds.
Memory: max=20580m, free=18862m, used=1718m

Input is being processed as paired
Started output streams:	0.081 seconds.
Processing time:   		44.745 seconds.

Input:                  	234805984 reads 		9390668282 bases.
QTrimmed:               	0 reads (0.00%) 	0 bases (0.00%)
KTrimmed:               	159 reads (0.00%) 	4972 bases (0.00%)
Trimmed by overlap:     	0 reads (0.00%) 	0 bases (0.00%)
Low quality discards:   	0 reads (0.00%) 	0 bases (0.00%)
Total Removed:          	134 reads (0.00%) 	4972 bases (0.00%)
Result:                 	234805850 reads (100.00%) 	9390663310 bases (100.00%)

Time:   			45.024 seconds.
Reads Processed:        234m 	5215.07k reads/sec
Bases Processed:       9390m 	208.57m bases/sec
java -Djava.library.path=/gpfs/gss1/work/sduhumac/tools/pkgs/bbmap-36.32-0/opt/bbmap-36.32/jni/ -ea -Xmx20g -Xms20g -cp /gpfs/gss1/work/sduhumac/tools/pkgs/bbmap-36.32-0/opt/bbmap-36.32/current/ jgi.BBDukF -Xmx20g in1=//gpfs/gss1/work/sduhumac/kristina/data/genova/tumor_blood/G35-16ouh025073_illumina-truseq-genome_HLYWNBGXY_R1.fastq in2=//gpfs/gss1/work/sduhumac/kristina/data/genova/tumor_blood/G35-16ouh025073_illumina-truseq-genome_HLYWNBGXY_R2.fastq out1=//gpfs/gss1/work/sduhumac/kristina/data/genova/tumor_blood/G35-16ouh025073_illumina-truseq-genome_HLYWNBGXY_clean_R1.fastq out2=//gpfs/gss1/work/sduhumac/kristina/data/genova/tumor_blood/G35-16ouh025073_illumina-truseq-genome_HLYWNBGXY_clean_R2.fastq ref=/gpfs/gss1/work/sduhumac/tools/pkgs/bbmap-36.32-0/opt/bbmap-36.32//resources/adapters.fa ktrim=r ktrim=l k=23 mink=11 hdist=1 tpe tbo qtrim=rl trimq=10 maq=10 minlen=25
Executing jgi.BBDukF [-Xmx20g, in1=//gpfs/gss1/work/sduhumac/kristina/data/genova/tumor_blood/G35-16ouh025073_illumina-truseq-genome_HLYWNBGXY_R1.fastq, in2=//gpfs/gss1/work/sduhumac/kristina/data/genova/tumor_blood/G35-16ouh025073_illumina-truseq-genome_HLYWNBGXY_R2.fastq, out1=//gpfs/gss1/work/sduhumac/kristina/data/genova/tumor_blood/G35-16ouh025073_illumina-truseq-genome_HLYWNBGXY_clean_R1.fastq, out2=//gpfs/gss1/work/sduhumac/kristina/data/genova/tumor_blood/G35-16ouh025073_illumina-truseq-genome_HLYWNBGXY_clean_R2.fastq, ref=/gpfs/gss1/work/sduhumac/tools/pkgs/bbmap-36.32-0/opt/bbmap-36.32//resources/adapters.fa, ktrim=r, ktrim=l, k=23, mink=11, hdist=1, tpe, tbo, qtrim=rl, trimq=10, maq=10, minlen=25]

BBDuk version 36.32
maskMiddle was disabled because useShortKmers=true
Exception in thread "main" java.lang.AssertionError: File //gpfs/gss1/work/sduhumac/kristina/data/genova/tumor_blood/G35-16ouh025073_illumina-truseq-genome_HLYWNBGXY_clean_R1.fastq exists and overwrite=false
	at align2.Tools.testOutputFiles(Tools.java:356)
	at jgi.BBDukF.<init>(BBDukF.java:718)
	at jgi.BBDukF.main(BBDukF.java:66)
java -Djava.library.path=/gpfs/gss1/work/sduhumac/tools/pkgs/bbmap-36.32-0/opt/bbmap-36.32/jni/ -ea -Xmx20g -Xms20g -cp /gpfs/gss1/work/sduhumac/tools/pkgs/bbmap-36.32-0/opt/bbmap-36.32/current/ jgi.BBDukF -Xmx20g in1=//gpfs/gss1/work/sduhumac/kristina/data/genova/tumor_blood/G35-16ouh026289_illumina-truseq-genome_HLYWNBGXY_clean_R1.fastq in2=//gpfs/gss1/work/sduhumac/kristina/data/genova/tumor_blood/G35-16ouh026289_illumina-truseq-genome_HLYWNBGXY_clean_R2.fastq out1=//gpfs/gss1/work/sduhumac/kristina/data/genova/tumor_blood/G35-16ouh026289_illumina-truseq-genome_HLYWNBGXY_clean_clean_R1.fastq out2=//gpfs/gss1/work/sduhumac/kristina/data/genova/tumor_blood/G35-16ouh026289_illumina-truseq-genome_HLYWNBGXY_clean_clean_R2.fastq ref=/gpfs/gss1/work/sduhumac/tools/pkgs/bbmap-36.32-0/opt/bbmap-36.32//resources/adapters.fa ktrim=r ktrim=l k=23 mink=11 hdist=1 tpe tbo qtrim=rl trimq=10 maq=10 minlen=25
Executing jgi.BBDukF [-Xmx20g, in1=//gpfs/gss1/work/sduhumac/kristina/data/genova/tumor_blood/G35-16ouh026289_illumina-truseq-genome_HLYWNBGXY_clean_R1.fastq, in2=//gpfs/gss1/work/sduhumac/kristina/data/genova/tumor_blood/G35-16ouh026289_illumina-truseq-genome_HLYWNBGXY_clean_R2.fastq, out1=//gpfs/gss1/work/sduhumac/kristina/data/genova/tumor_blood/G35-16ouh026289_illumina-truseq-genome_HLYWNBGXY_clean_clean_R1.fastq, out2=//gpfs/gss1/work/sduhumac/kristina/data/genova/tumor_blood/G35-16ouh026289_illumina-truseq-genome_HLYWNBGXY_clean_clean_R2.fastq, ref=/gpfs/gss1/work/sduhumac/tools/pkgs/bbmap-36.32-0/opt/bbmap-36.32//resources/adapters.fa, ktrim=r, ktrim=l, k=23, mink=11, hdist=1, tpe, tbo, qtrim=rl, trimq=10, maq=10, minlen=25]

BBDuk version 36.32
maskMiddle was disabled because useShortKmers=true
Initial:
Memory: max=20580m, free=19936m, used=644m

Added 216529 kmers; time: 	0.175 seconds.
Memory: max=20580m, free=18862m, used=1718m

Input is being processed as paired
Started output streams:	0.279 seconds.
Processing time:   		67.142 seconds.

Input:                  	265024670 reads 		10599201033 bases.
QTrimmed:               	0 reads (0.00%) 	0 bases (0.00%)
KTrimmed:               	186 reads (0.00%) 	5934 bases (0.00%)
Trimmed by overlap:     	0 reads (0.00%) 	0 bases (0.00%)
Low quality discards:   	0 reads (0.00%) 	0 bases (0.00%)
Total Removed:          	162 reads (0.00%) 	5934 bases (0.00%)
Result:                 	265024508 reads (100.00%) 	10599195099 bases (100.00%)

Time:   			67.606 seconds.
Reads Processed:        265m 	3920.14k reads/sec
Bases Processed:      10599m 	156.78m bases/sec
java -Djava.library.path=/gpfs/gss1/work/sduhumac/tools/pkgs/bbmap-36.32-0/opt/bbmap-36.32/jni/ -ea -Xmx20g -Xms20g -cp /gpfs/gss1/work/sduhumac/tools/pkgs/bbmap-36.32-0/opt/bbmap-36.32/current/ jgi.BBDukF -Xmx20g in1=//gpfs/gss1/work/sduhumac/kristina/data/genova/tumor_blood/G35-16ouh026289_illumina-truseq-genome_HLYWNBGXY_R1.fastq in2=//gpfs/gss1/work/sduhumac/kristina/data/genova/tumor_blood/G35-16ouh026289_illumina-truseq-genome_HLYWNBGXY_R2.fastq out1=//gpfs/gss1/work/sduhumac/kristina/data/genova/tumor_blood/G35-16ouh026289_illumina-truseq-genome_HLYWNBGXY_clean_R1.fastq out2=//gpfs/gss1/work/sduhumac/kristina/data/genova/tumor_blood/G35-16ouh026289_illumina-truseq-genome_HLYWNBGXY_clean_R2.fastq ref=/gpfs/gss1/work/sduhumac/tools/pkgs/bbmap-36.32-0/opt/bbmap-36.32//resources/adapters.fa ktrim=r ktrim=l k=23 mink=11 hdist=1 tpe tbo qtrim=rl trimq=10 maq=10 minlen=25
Executing jgi.BBDukF [-Xmx20g, in1=//gpfs/gss1/work/sduhumac/kristina/data/genova/tumor_blood/G35-16ouh026289_illumina-truseq-genome_HLYWNBGXY_R1.fastq, in2=//gpfs/gss1/work/sduhumac/kristina/data/genova/tumor_blood/G35-16ouh026289_illumina-truseq-genome_HLYWNBGXY_R2.fastq, out1=//gpfs/gss1/work/sduhumac/kristina/data/genova/tumor_blood/G35-16ouh026289_illumina-truseq-genome_HLYWNBGXY_clean_R1.fastq, out2=//gpfs/gss1/work/sduhumac/kristina/data/genova/tumor_blood/G35-16ouh026289_illumina-truseq-genome_HLYWNBGXY_clean_R2.fastq, ref=/gpfs/gss1/work/sduhumac/tools/pkgs/bbmap-36.32-0/opt/bbmap-36.32//resources/adapters.fa, ktrim=r, ktrim=l, k=23, mink=11, hdist=1, tpe, tbo, qtrim=rl, trimq=10, maq=10, minlen=25]

BBDuk version 36.32
maskMiddle was disabled because useShortKmers=true
Exception in thread "main" java.lang.AssertionError: File //gpfs/gss1/work/sduhumac/kristina/data/genova/tumor_blood/G35-16ouh026289_illumina-truseq-genome_HLYWNBGXY_clean_R1.fastq exists and overwrite=false
	at align2.Tools.testOutputFiles(Tools.java:356)
	at jgi.BBDukF.<init>(BBDukF.java:718)
	at jgi.BBDukF.main(BBDukF.java:66)
java -Djava.library.path=/gpfs/gss1/work/sduhumac/tools/pkgs/bbmap-36.32-0/opt/bbmap-36.32/jni/ -ea -Xmx20g -Xms20g -cp /gpfs/gss1/work/sduhumac/tools/pkgs/bbmap-36.32-0/opt/bbmap-36.32/current/ jgi.BBDukF -Xmx20g in1=//gpfs/gss1/work/sduhumac/kristina/data/genova/tumor_blood/G35-kbs1_illumina-truseq-genome_HY35GBGXY_clean_R1.fastq in2=//gpfs/gss1/work/sduhumac/kristina/data/genova/tumor_blood/G35-kbs1_illumina-truseq-genome_HY35GBGXY_clean_R2.fastq out1=//gpfs/gss1/work/sduhumac/kristina/data/genova/tumor_blood/G35-kbs1_illumina-truseq-genome_HY35GBGXY_clean_clean_R1.fastq out2=//gpfs/gss1/work/sduhumac/kristina/data/genova/tumor_blood/G35-kbs1_illumina-truseq-genome_HY35GBGXY_clean_clean_R2.fastq ref=/gpfs/gss1/work/sduhumac/tools/pkgs/bbmap-36.32-0/opt/bbmap-36.32//resources/adapters.fa ktrim=r ktrim=l k=23 mink=11 hdist=1 tpe tbo qtrim=rl trimq=10 maq=10 minlen=25
Executing jgi.BBDukF [-Xmx20g, in1=//gpfs/gss1/work/sduhumac/kristina/data/genova/tumor_blood/G35-kbs1_illumina-truseq-genome_HY35GBGXY_clean_R1.fastq, in2=//gpfs/gss1/work/sduhumac/kristina/data/genova/tumor_blood/G35-kbs1_illumina-truseq-genome_HY35GBGXY_clean_R2.fastq, out1=//gpfs/gss1/work/sduhumac/kristina/data/genova/tumor_blood/G35-kbs1_illumina-truseq-genome_HY35GBGXY_clean_clean_R1.fastq, out2=//gpfs/gss1/work/sduhumac/kristina/data/genova/tumor_blood/G35-kbs1_illumina-truseq-genome_HY35GBGXY_clean_clean_R2.fastq, ref=/gpfs/gss1/work/sduhumac/tools/pkgs/bbmap-36.32-0/opt/bbmap-36.32//resources/adapters.fa, ktrim=r, ktrim=l, k=23, mink=11, hdist=1, tpe, tbo, qtrim=rl, trimq=10, maq=10, minlen=25]

BBDuk version 36.32
maskMiddle was disabled because useShortKmers=true
Initial:
Memory: max=20580m, free=19936m, used=644m

Added 216529 kmers; time: 	0.182 seconds.
Memory: max=20580m, free=18862m, used=1718m

Input is being processed as paired
Started output streams:	0.138 seconds.
Processing time:   		143.830 seconds.

Input:                  	250255560 reads 		10008452823 bases.
QTrimmed:               	0 reads (0.00%) 	0 bases (0.00%)
KTrimmed:               	216 reads (0.00%) 	6838 bases (0.00%)
Trimmed by overlap:     	0 reads (0.00%) 	0 bases (0.00%)
Low quality discards:   	0 reads (0.00%) 	0 bases (0.00%)
Total Removed:          	190 reads (0.00%) 	6838 bases (0.00%)
Result:                 	250255370 reads (100.00%) 	10008445985 bases (100.00%)

Time:   			144.161 seconds.
Reads Processed:        250m 	1735.94k reads/sec
Bases Processed:      10008m 	69.43m bases/sec
java -Djava.library.path=/gpfs/gss1/work/sduhumac/tools/pkgs/bbmap-36.32-0/opt/bbmap-36.32/jni/ -ea -Xmx20g -Xms20g -cp /gpfs/gss1/work/sduhumac/tools/pkgs/bbmap-36.32-0/opt/bbmap-36.32/current/ jgi.BBDukF -Xmx20g in1=//gpfs/gss1/work/sduhumac/kristina/data/genova/tumor_blood/G35-kbs1_illumina-truseq-genome_HY35GBGXY_R1.fastq in2=//gpfs/gss1/work/sduhumac/kristina/data/genova/tumor_blood/G35-kbs1_illumina-truseq-genome_HY35GBGXY_R2.fastq out1=//gpfs/gss1/work/sduhumac/kristina/data/genova/tumor_blood/G35-kbs1_illumina-truseq-genome_HY35GBGXY_clean_R1.fastq out2=//gpfs/gss1/work/sduhumac/kristina/data/genova/tumor_blood/G35-kbs1_illumina-truseq-genome_HY35GBGXY_clean_R2.fastq ref=/gpfs/gss1/work/sduhumac/tools/pkgs/bbmap-36.32-0/opt/bbmap-36.32//resources/adapters.fa ktrim=r ktrim=l k=23 mink=11 hdist=1 tpe tbo qtrim=rl trimq=10 maq=10 minlen=25
Executing jgi.BBDukF [-Xmx20g, in1=//gpfs/gss1/work/sduhumac/kristina/data/genova/tumor_blood/G35-kbs1_illumina-truseq-genome_HY35GBGXY_R1.fastq, in2=//gpfs/gss1/work/sduhumac/kristina/data/genova/tumor_blood/G35-kbs1_illumina-truseq-genome_HY35GBGXY_R2.fastq, out1=//gpfs/gss1/work/sduhumac/kristina/data/genova/tumor_blood/G35-kbs1_illumina-truseq-genome_HY35GBGXY_clean_R1.fastq, out2=//gpfs/gss1/work/sduhumac/kristina/data/genova/tumor_blood/G35-kbs1_illumina-truseq-genome_HY35GBGXY_clean_R2.fastq, ref=/gpfs/gss1/work/sduhumac/tools/pkgs/bbmap-36.32-0/opt/bbmap-36.32//resources/adapters.fa, ktrim=r, ktrim=l, k=23, mink=11, hdist=1, tpe, tbo, qtrim=rl, trimq=10, maq=10, minlen=25]

BBDuk version 36.32
maskMiddle was disabled because useShortKmers=true
Exception in thread "main" java.lang.AssertionError: File //gpfs/gss1/work/sduhumac/kristina/data/genova/tumor_blood/G35-kbs1_illumina-truseq-genome_HY35GBGXY_clean_R1.fastq exists and overwrite=false
	at align2.Tools.testOutputFiles(Tools.java:356)
	at jgi.BBDukF.<init>(BBDukF.java:718)
	at jgi.BBDukF.main(BBDukF.java:66)
java -Djava.library.path=/gpfs/gss1/work/sduhumac/tools/pkgs/bbmap-36.32-0/opt/bbmap-36.32/jni/ -ea -Xmx20g -Xms20g -cp /gpfs/gss1/work/sduhumac/tools/pkgs/bbmap-36.32-0/opt/bbmap-36.32/current/ jgi.BBDukF -Xmx20g in1=//gpfs/gss1/work/sduhumac/kristina/data/genova/tumor_blood/G35-kbs2_illumina-truseq-genome_HY22CBGXY_clean_R1.fastq in2=//gpfs/gss1/work/sduhumac/kristina/data/genova/tumor_blood/G35-kbs2_illumina-truseq-genome_HY22CBGXY_clean_R2.fastq out1=//gpfs/gss1/work/sduhumac/kristina/data/genova/tumor_blood/G35-kbs2_illumina-truseq-genome_HY22CBGXY_clean_clean_R1.fastq out2=//gpfs/gss1/work/sduhumac/kristina/data/genova/tumor_blood/G35-kbs2_illumina-truseq-genome_HY22CBGXY_clean_clean_R2.fastq ref=/gpfs/gss1/work/sduhumac/tools/pkgs/bbmap-36.32-0/opt/bbmap-36.32//resources/adapters.fa ktrim=r ktrim=l k=23 mink=11 hdist=1 tpe tbo qtrim=rl trimq=10 maq=10 minlen=25
Executing jgi.BBDukF [-Xmx20g, in1=//gpfs/gss1/work/sduhumac/kristina/data/genova/tumor_blood/G35-kbs2_illumina-truseq-genome_HY22CBGXY_clean_R1.fastq, in2=//gpfs/gss1/work/sduhumac/kristina/data/genova/tumor_blood/G35-kbs2_illumina-truseq-genome_HY22CBGXY_clean_R2.fastq, out1=//gpfs/gss1/work/sduhumac/kristina/data/genova/tumor_blood/G35-kbs2_illumina-truseq-genome_HY22CBGXY_clean_clean_R1.fastq, out2=//gpfs/gss1/work/sduhumac/kristina/data/genova/tumor_blood/G35-kbs2_illumina-truseq-genome_HY22CBGXY_clean_clean_R2.fastq, ref=/gpfs/gss1/work/sduhumac/tools/pkgs/bbmap-36.32-0/opt/bbmap-36.32//resources/adapters.fa, ktrim=r, ktrim=l, k=23, mink=11, hdist=1, tpe, tbo, qtrim=rl, trimq=10, maq=10, minlen=25]

BBDuk version 36.32
maskMiddle was disabled because useShortKmers=true
Initial:
Memory: max=20580m, free=19936m, used=644m

Added 216529 kmers; time: 	0.181 seconds.
Memory: max=20580m, free=18862m, used=1718m

Input is being processed as paired
Started output streams:	0.164 seconds.
Processing time:   		41.757 seconds.

Input:                  	210271182 reads 		8409280642 bases.
QTrimmed:               	0 reads (0.00%) 	0 bases (0.00%)
KTrimmed:               	139 reads (0.00%) 	4617 bases (0.00%)
Trimmed by overlap:     	0 reads (0.00%) 	0 bases (0.00%)
Low quality discards:   	0 reads (0.00%) 	0 bases (0.00%)
Total Removed:          	132 reads (0.00%) 	4617 bases (0.00%)
Result:                 	210271050 reads (100.00%) 	8409276025 bases (100.00%)

Time:   			42.112 seconds.
Reads Processed:        210m 	4993.10k reads/sec
Bases Processed:       8409m 	199.69m bases/sec
java -Djava.library.path=/gpfs/gss1/work/sduhumac/tools/pkgs/bbmap-36.32-0/opt/bbmap-36.32/jni/ -ea -Xmx20g -Xms20g -cp /gpfs/gss1/work/sduhumac/tools/pkgs/bbmap-36.32-0/opt/bbmap-36.32/current/ jgi.BBDukF -Xmx20g in1=//gpfs/gss1/work/sduhumac/kristina/data/genova/tumor_blood/G35-kbs2_illumina-truseq-genome_HY22CBGXY_R1.fastq in2=//gpfs/gss1/work/sduhumac/kristina/data/genova/tumor_blood/G35-kbs2_illumina-truseq-genome_HY22CBGXY_R2.fastq out1=//gpfs/gss1/work/sduhumac/kristina/data/genova/tumor_blood/G35-kbs2_illumina-truseq-genome_HY22CBGXY_clean_R1.fastq out2=//gpfs/gss1/work/sduhumac/kristina/data/genova/tumor_blood/G35-kbs2_illumina-truseq-genome_HY22CBGXY_clean_R2.fastq ref=/gpfs/gss1/work/sduhumac/tools/pkgs/bbmap-36.32-0/opt/bbmap-36.32//resources/adapters.fa ktrim=r ktrim=l k=23 mink=11 hdist=1 tpe tbo qtrim=rl trimq=10 maq=10 minlen=25
Executing jgi.BBDukF [-Xmx20g, in1=//gpfs/gss1/work/sduhumac/kristina/data/genova/tumor_blood/G35-kbs2_illumina-truseq-genome_HY22CBGXY_R1.fastq, in2=//gpfs/gss1/work/sduhumac/kristina/data/genova/tumor_blood/G35-kbs2_illumina-truseq-genome_HY22CBGXY_R2.fastq, out1=//gpfs/gss1/work/sduhumac/kristina/data/genova/tumor_blood/G35-kbs2_illumina-truseq-genome_HY22CBGXY_clean_R1.fastq, out2=//gpfs/gss1/work/sduhumac/kristina/data/genova/tumor_blood/G35-kbs2_illumina-truseq-genome_HY22CBGXY_clean_R2.fastq, ref=/gpfs/gss1/work/sduhumac/tools/pkgs/bbmap-36.32-0/opt/bbmap-36.32//resources/adapters.fa, ktrim=r, ktrim=l, k=23, mink=11, hdist=1, tpe, tbo, qtrim=rl, trimq=10, maq=10, minlen=25]

BBDuk version 36.32
maskMiddle was disabled because useShortKmers=true
Exception in thread "main" java.lang.AssertionError: File //gpfs/gss1/work/sduhumac/kristina/data/genova/tumor_blood/G35-kbs2_illumina-truseq-genome_HY22CBGXY_clean_R1.fastq exists and overwrite=false
	at align2.Tools.testOutputFiles(Tools.java:356)
	at jgi.BBDukF.<init>(BBDukF.java:718)
	at jgi.BBDukF.main(BBDukF.java:66)
/var/spool/slurm//job1871464/slurm_script: line 37: /gpfs/gss1/work/sduhumac/tools/pkgs/bwa-0.7.15-0/bin: Is a directory
/var/spool/slurm//job1871464/slurm_script: line 40: /gpfs/gss1/work/sduhumac/tools/pkgs/samtools-1.3.1-4/bin/bwa: No such file or directory
/var/spool/slurm//job1871464/slurm_script: line 44: /gpfs/gss1/work/sduhumac/tools/pkgs/samtools-1.3.1-4/bin/bwa: No such file or directory
/var/spool/slurm//job1871464/slurm_script: line 46: /gpfs/gss1/work/sduhumac/tools/pkgs/samtools-1.3.1-4/bin/bwa: No such file or directory
Error: Unable to access jarfile /gpfs/gss1/work/sduhumac/tools/pkgs/picard-2.7.1-py35_0/bin/MarkDuplicates.jar
/var/spool/slurm//job1871464/slurm_script: line 50: /gpfs/gss1/work/sduhumac/tools/pkgs/samtools-1.3.1-4/bin/bwa: No such file or directory
rm: cannot remove ‘/gpfs/gss1/work/sduhumac/kristina/data/genova/tumor_blood/output/G35-16ouh013390_illumina-truseq-genome_HLYWNBGXY_clean_sorted.bam’: No such file or directory
rm: cannot remove ‘/gpfs/gss1/work/sduhumac/kristina/data/genova/tumor_blood/output/G35-16ouh013390_illumina-truseq-genome_HLYWNBGXY_clean_sorted.bai’: No such file or directory
/var/spool/slurm//job1871464/slurm_script: line 37: /gpfs/gss1/work/sduhumac/tools/pkgs/bwa-0.7.15-0/bin: Is a directory
/var/spool/slurm//job1871464/slurm_script: line 40: /gpfs/gss1/work/sduhumac/tools/pkgs/samtools-1.3.1-4/bin/bwa: No such file or directory
/var/spool/slurm//job1871464/slurm_script: line 44: /gpfs/gss1/work/sduhumac/tools/pkgs/samtools-1.3.1-4/bin/bwa: No such file or directory
/var/spool/slurm//job1871464/slurm_script: line 46: /gpfs/gss1/work/sduhumac/tools/pkgs/samtools-1.3.1-4/bin/bwa: No such file or directory
Error: Unable to access jarfile /gpfs/gss1/work/sduhumac/tools/pkgs/picard-2.7.1-py35_0/bin/MarkDuplicates.jar
/var/spool/slurm//job1871464/slurm_script: line 50: /gpfs/gss1/work/sduhumac/tools/pkgs/samtools-1.3.1-4/bin/bwa: No such file or directory
rm: cannot remove ‘/gpfs/gss1/work/sduhumac/kristina/data/genova/tumor_blood/output/G35-16ouh013390_illumina-truseq-genome_HLYWNBGXY_sorted.bam’: No such file or directory
rm: cannot remove ‘/gpfs/gss1/work/sduhumac/kristina/data/genova/tumor_blood/output/G35-16ouh013390_illumina-truseq-genome_HLYWNBGXY_sorted.bai’: No such file or directory
/var/spool/slurm//job1871464/slurm_script: line 37: /gpfs/gss1/work/sduhumac/tools/pkgs/bwa-0.7.15-0/bin: Is a directory
/var/spool/slurm//job1871464/slurm_script: line 40: /gpfs/gss1/work/sduhumac/tools/pkgs/samtools-1.3.1-4/bin/bwa: No such file or directory
/var/spool/slurm//job1871464/slurm_script: line 44: /gpfs/gss1/work/sduhumac/tools/pkgs/samtools-1.3.1-4/bin/bwa: No such file or directory
/var/spool/slurm//job1871464/slurm_script: line 46: /gpfs/gss1/work/sduhumac/tools/pkgs/samtools-1.3.1-4/bin/bwa: No such file or directory
Error: Unable to access jarfile /gpfs/gss1/work/sduhumac/tools/pkgs/picard-2.7.1-py35_0/bin/MarkDuplicates.jar
/var/spool/slurm//job1871464/slurm_script: line 50: /gpfs/gss1/work/sduhumac/tools/pkgs/samtools-1.3.1-4/bin/bwa: No such file or directory
rm: cannot remove ‘/gpfs/gss1/work/sduhumac/kristina/data/genova/tumor_blood/output/G35-16ouh025073_illumina-truseq-genome_HLYWNBGXY_clean_sorted.bam’: No such file or directory
rm: cannot remove ‘/gpfs/gss1/work/sduhumac/kristina/data/genova/tumor_blood/output/G35-16ouh025073_illumina-truseq-genome_HLYWNBGXY_clean_sorted.bai’: No such file or directory
/var/spool/slurm//job1871464/slurm_script: line 37: /gpfs/gss1/work/sduhumac/tools/pkgs/bwa-0.7.15-0/bin: Is a directory
/var/spool/slurm//job1871464/slurm_script: line 40: /gpfs/gss1/work/sduhumac/tools/pkgs/samtools-1.3.1-4/bin/bwa: No such file or directory
/var/spool/slurm//job1871464/slurm_script: line 44: /gpfs/gss1/work/sduhumac/tools/pkgs/samtools-1.3.1-4/bin/bwa: No such file or directory
/var/spool/slurm//job1871464/slurm_script: line 46: /gpfs/gss1/work/sduhumac/tools/pkgs/samtools-1.3.1-4/bin/bwa: No such file or directory
Error: Unable to access jarfile /gpfs/gss1/work/sduhumac/tools/pkgs/picard-2.7.1-py35_0/bin/MarkDuplicates.jar
/var/spool/slurm//job1871464/slurm_script: line 50: /gpfs/gss1/work/sduhumac/tools/pkgs/samtools-1.3.1-4/bin/bwa: No such file or directory
rm: cannot remove ‘/gpfs/gss1/work/sduhumac/kristina/data/genova/tumor_blood/output/G35-16ouh025073_illumina-truseq-genome_HLYWNBGXY_sorted.bam’: No such file or directory
rm: cannot remove ‘/gpfs/gss1/work/sduhumac/kristina/data/genova/tumor_blood/output/G35-16ouh025073_illumina-truseq-genome_HLYWNBGXY_sorted.bai’: No such file or directory
/var/spool/slurm//job1871464/slurm_script: line 37: /gpfs/gss1/work/sduhumac/tools/pkgs/bwa-0.7.15-0/bin: Is a directory
/var/spool/slurm//job1871464/slurm_script: line 40: /gpfs/gss1/work/sduhumac/tools/pkgs/samtools-1.3.1-4/bin/bwa: No such file or directory
/var/spool/slurm//job1871464/slurm_script: line 44: /gpfs/gss1/work/sduhumac/tools/pkgs/samtools-1.3.1-4/bin/bwa: No such file or directory
/var/spool/slurm//job1871464/slurm_script: line 46: /gpfs/gss1/work/sduhumac/tools/pkgs/samtools-1.3.1-4/bin/bwa: No such file or directory
Error: Unable to access jarfile /gpfs/gss1/work/sduhumac/tools/pkgs/picard-2.7.1-py35_0/bin/MarkDuplicates.jar
/var/spool/slurm//job1871464/slurm_script: line 50: /gpfs/gss1/work/sduhumac/tools/pkgs/samtools-1.3.1-4/bin/bwa: No such file or directory
rm: cannot remove ‘/gpfs/gss1/work/sduhumac/kristina/data/genova/tumor_blood/output/G35-16ouh026289_illumina-truseq-genome_HLYWNBGXY_clean_sorted.bam’: No such file or directory
rm: cannot remove ‘/gpfs/gss1/work/sduhumac/kristina/data/genova/tumor_blood/output/G35-16ouh026289_illumina-truseq-genome_HLYWNBGXY_clean_sorted.bai’: No such file or directory
/var/spool/slurm//job1871464/slurm_script: line 37: /gpfs/gss1/work/sduhumac/tools/pkgs/bwa-0.7.15-0/bin: Is a directory
/var/spool/slurm//job1871464/slurm_script: line 40: /gpfs/gss1/work/sduhumac/tools/pkgs/samtools-1.3.1-4/bin/bwa: No such file or directory
/var/spool/slurm//job1871464/slurm_script: line 44: /gpfs/gss1/work/sduhumac/tools/pkgs/samtools-1.3.1-4/bin/bwa: No such file or directory
/var/spool/slurm//job1871464/slurm_script: line 46: /gpfs/gss1/work/sduhumac/tools/pkgs/samtools-1.3.1-4/bin/bwa: No such file or directory
Error: Unable to access jarfile /gpfs/gss1/work/sduhumac/tools/pkgs/picard-2.7.1-py35_0/bin/MarkDuplicates.jar
/var/spool/slurm//job1871464/slurm_script: line 50: /gpfs/gss1/work/sduhumac/tools/pkgs/samtools-1.3.1-4/bin/bwa: No such file or directory
rm: cannot remove ‘/gpfs/gss1/work/sduhumac/kristina/data/genova/tumor_blood/output/G35-16ouh026289_illumina-truseq-genome_HLYWNBGXY_sorted.bam’: No such file or directory
rm: cannot remove ‘/gpfs/gss1/work/sduhumac/kristina/data/genova/tumor_blood/output/G35-16ouh026289_illumina-truseq-genome_HLYWNBGXY_sorted.bai’: No such file or directory
/var/spool/slurm//job1871464/slurm_script: line 37: /gpfs/gss1/work/sduhumac/tools/pkgs/bwa-0.7.15-0/bin: Is a directory
/var/spool/slurm//job1871464/slurm_script: line 40: /gpfs/gss1/work/sduhumac/tools/pkgs/samtools-1.3.1-4/bin/bwa: No such file or directory
/var/spool/slurm//job1871464/slurm_script: line 44: /gpfs/gss1/work/sduhumac/tools/pkgs/samtools-1.3.1-4/bin/bwa: No such file or directory
/var/spool/slurm//job1871464/slurm_script: line 46: /gpfs/gss1/work/sduhumac/tools/pkgs/samtools-1.3.1-4/bin/bwa: No such file or directory
Error: Unable to access jarfile /gpfs/gss1/work/sduhumac/tools/pkgs/picard-2.7.1-py35_0/bin/MarkDuplicates.jar
/var/spool/slurm//job1871464/slurm_script: line 50: /gpfs/gss1/work/sduhumac/tools/pkgs/samtools-1.3.1-4/bin/bwa: No such file or directory
rm: cannot remove ‘/gpfs/gss1/work/sduhumac/kristina/data/genova/tumor_blood/output/G35-kbs1_illumina-truseq-genome_HY35GBGXY_clean_sorted.bam’: No such file or directory
rm: cannot remove ‘/gpfs/gss1/work/sduhumac/kristina/data/genova/tumor_blood/output/G35-kbs1_illumina-truseq-genome_HY35GBGXY_clean_sorted.bai’: No such file or directory
/var/spool/slurm//job1871464/slurm_script: line 37: /gpfs/gss1/work/sduhumac/tools/pkgs/bwa-0.7.15-0/bin: Is a directory
/var/spool/slurm//job1871464/slurm_script: line 40: /gpfs/gss1/work/sduhumac/tools/pkgs/samtools-1.3.1-4/bin/bwa: No such file or directory
/var/spool/slurm//job1871464/slurm_script: line 44: /gpfs/gss1/work/sduhumac/tools/pkgs/samtools-1.3.1-4/bin/bwa: No such file or directory
/var/spool/slurm//job1871464/slurm_script: line 46: /gpfs/gss1/work/sduhumac/tools/pkgs/samtools-1.3.1-4/bin/bwa: No such file or directory
Error: Unable to access jarfile /gpfs/gss1/work/sduhumac/tools/pkgs/picard-2.7.1-py35_0/bin/MarkDuplicates.jar
/var/spool/slurm//job1871464/slurm_script: line 50: /gpfs/gss1/work/sduhumac/tools/pkgs/samtools-1.3.1-4/bin/bwa: No such file or directory
rm: cannot remove ‘/gpfs/gss1/work/sduhumac/kristina/data/genova/tumor_blood/output/G35-kbs1_illumina-truseq-genome_HY35GBGXY_sorted.bam’: No such file or directory
rm: cannot remove ‘/gpfs/gss1/work/sduhumac/kristina/data/genova/tumor_blood/output/G35-kbs1_illumina-truseq-genome_HY35GBGXY_sorted.bai’: No such file or directory
/var/spool/slurm//job1871464/slurm_script: line 37: /gpfs/gss1/work/sduhumac/tools/pkgs/bwa-0.7.15-0/bin: Is a directory
/var/spool/slurm//job1871464/slurm_script: line 40: /gpfs/gss1/work/sduhumac/tools/pkgs/samtools-1.3.1-4/bin/bwa: No such file or directory
/var/spool/slurm//job1871464/slurm_script: line 44: /gpfs/gss1/work/sduhumac/tools/pkgs/samtools-1.3.1-4/bin/bwa: No such file or directory
/var/spool/slurm//job1871464/slurm_script: line 46: /gpfs/gss1/work/sduhumac/tools/pkgs/samtools-1.3.1-4/bin/bwa: No such file or directory
Error: Unable to access jarfile /gpfs/gss1/work/sduhumac/tools/pkgs/picard-2.7.1-py35_0/bin/MarkDuplicates.jar
/var/spool/slurm//job1871464/slurm_script: line 50: /gpfs/gss1/work/sduhumac/tools/pkgs/samtools-1.3.1-4/bin/bwa: No such file or directory
rm: cannot remove ‘/gpfs/gss1/work/sduhumac/kristina/data/genova/tumor_blood/output/G35-kbs2_illumina-truseq-genome_HY22CBGXY_clean_sorted.bam’: No such file or directory
rm: cannot remove ‘/gpfs/gss1/work/sduhumac/kristina/data/genova/tumor_blood/output/G35-kbs2_illumina-truseq-genome_HY22CBGXY_clean_sorted.bai’: No such file or directory
/var/spool/slurm//job1871464/slurm_script: line 37: /gpfs/gss1/work/sduhumac/tools/pkgs/bwa-0.7.15-0/bin: Is a directory
/var/spool/slurm//job1871464/slurm_script: line 40: /gpfs/gss1/work/sduhumac/tools/pkgs/samtools-1.3.1-4/bin/bwa: No such file or directory
/var/spool/slurm//job1871464/slurm_script: line 44: /gpfs/gss1/work/sduhumac/tools/pkgs/samtools-1.3.1-4/bin/bwa: No such file or directory
/var/spool/slurm//job1871464/slurm_script: line 46: /gpfs/gss1/work/sduhumac/tools/pkgs/samtools-1.3.1-4/bin/bwa: No such file or directory
Error: Unable to access jarfile /gpfs/gss1/work/sduhumac/tools/pkgs/picard-2.7.1-py35_0/bin/MarkDuplicates.jar
/var/spool/slurm//job1871464/slurm_script: line 50: /gpfs/gss1/work/sduhumac/tools/pkgs/samtools-1.3.1-4/bin/bwa: No such file or directory
rm: cannot remove ‘/gpfs/gss1/work/sduhumac/kristina/data/genova/tumor_blood/output/G35-kbs2_illumina-truseq-genome_HY22CBGXY_sorted.bam’: No such file or directory
rm: cannot remove ‘/gpfs/gss1/work/sduhumac/kristina/data/genova/tumor_blood/output/G35-kbs2_illumina-truseq-genome_HY22CBGXY_sorted.bai’: No such file or directory
/var/spool/slurm//job1871464/slurm_script: line 57: cpanm: command not found
Can't open perl script "/gpfs/gss1/work/sduhumac/tools/pkgs/breakdancer-1.4.5-0/bin/bam2cfg.pl": No such file or directory
Can't open perl script "/gpfs/gss1/work/sduhumac/tools/pkgs/breakdancer-1.4.5-0/bin/BreakDancerMax.pl": No such file or directory
