Java memory size is set to 20G
Launching application...

QualiMap v.2.2.2-dev
Built on 2017-08-28 08:37

Selected tool: bamqc
Available memory (Mb): 32
Max memory (Mb): 19088
Wed Sep 19 08:40:26 CEST 2018		WARNING	Output folder already exists, the results will be saved there

Starting bam qc....
Loading sam header...
Loading locator...
Loading reference...
Number of windows: 400, effective number of windows: 424
Chunk of reads size: 1000
Number of threads: 24
Processed 50 out of 424 windows...
Processed 100 out of 424 windows...
Processed 150 out of 424 windows...
Processed 200 out of 424 windows...
Processed 250 out of 424 windows...
Processed 300 out of 424 windows...
Processed 350 out of 424 windows...
Processed 400 out of 424 windows...
Total processed windows:424
Number of reads: 202785254
Number of valid reads: 199100160
Number of correct strand reads:0

Inside of regions...
Num mapped reads: 199100160
Num mapped first of pair: 99953274
Num mapped second of pair: 99146886
Num singletons: 1027120
Time taken to analyze reads: 736
Computing descriptors...
numberOfMappedBases: 7880306777
referenceSize: 3095693983
numberOfSequencedBases: 7879256774
numberOfAs: 2405263424
Computing per chromosome statistics...
Computing histograms...
Overall analysis time: 800
end of bam qc
Computing report...
Writing HTML report...
HTML report created successfully

Finished
