Java memory size is set to 20G
Launching application...

QualiMap v.2.2.2-dev
Built on 2017-08-28 08:37

Selected tool: bamqc
Available memory (Mb): 32
Max memory (Mb): 19088
Wed Sep 19 08:40:27 CEST 2018		WARNING	Output folder already exists, the results will be saved there

Starting bam qc....
Loading sam header...
Loading locator...
Loading reference...
Number of windows: 400, effective number of windows: 424
Chunk of reads size: 1000
Number of threads: 24
Processed 50 out of 424 windows...
Processed 100 out of 424 windows...
Processed 150 out of 424 windows...
Processed 200 out of 424 windows...
Processed 250 out of 424 windows...
Processed 300 out of 424 windows...
Processed 350 out of 424 windows...
Processed 400 out of 424 windows...
Total processed windows:424
Number of reads: 272913512
Number of valid reads: 269071875
Number of correct strand reads:0

Inside of regions...
Num mapped reads: 269071875
Num mapped first of pair: 134966902
Num mapped second of pair: 134104973
Num singletons: 1104935
Time taken to analyze reads: 964
Computing descriptors...
numberOfMappedBases: 10679542685
referenceSize: 3095693983
numberOfSequencedBases: 10678153891
numberOfAs: 3251619915
Computing per chromosome statistics...
Computing histograms...
Overall analysis time: 1053
end of bam qc
Computing report...
Writing HTML report...
HTML report created successfully

Finished
