
Usage: bwa mem [options] <idxbase> <in1.fq> [in2.fq]

Algorithm options:

       -t INT        number of threads [24]
       -k INT        minimum seed length [19]
       -w INT        band width for banded alignment [100]
       -d INT        off-diagonal X-dropoff [100]
       -r FLOAT      look for internal seeds inside a seed longer than {-k} * FLOAT [1.5]
       -y INT        seed occurrence for the 3rd round seeding [20]
       -c INT        skip seeds with more than INT occurrences [500]
       -D FLOAT      drop chains shorter than FLOAT fraction of the longest overlapping chain [0.50]
       -W INT        discard a chain if seeded bases shorter than INT [0]
       -m INT        perform at most INT rounds of mate rescues for each read [50]
       -S            skip mate rescue
       -P            skip pairing; mate rescue performed unless -S also in use

Scoring options:

       -A INT        score for a sequence match, which scales options -TdBOELU unless overridden [1]
       -B INT        penalty for a mismatch [4]
       -O INT[,INT]  gap open penalties for deletions and insertions [6,6]
       -E INT[,INT]  gap extension penalty; a gap of size k cost '{-O} + {-E}*k' [1,1]
       -L INT[,INT]  penalty for 5'- and 3'-end clipping [5,5]
       -U INT        penalty for an unpaired read pair [17]

       -x STR        read type. Setting -x changes multiple parameters unless overriden [null]
                     pacbio: -k17 -W40 -r10 -A1 -B1 -O1 -E1 -L0  (PacBio reads to ref)
                     ont2d: -k14 -W20 -r10 -A1 -B1 -O1 -E1 -L0  (Oxford Nanopore 2D-reads to ref)
                     intractg: -B9 -O16 -L5  (intra-species contigs to ref)

Input/output options:

       -p            smart pairing (ignoring in2.fq)
       -R STR        read group header line such as '@RG\tID:foo\tSM:bar' [null]
       -H STR/FILE   insert STR to header if it starts with @; or insert lines in FILE [null]
       -j            treat ALT contigs as part of the primary assembly (i.e. ignore <idxbase>.alt file)

       -v INT        verbose level: 1=error, 2=warning, 3=message, 4+=debugging [3]
       -T INT        minimum score to output [30]
       -h INT[,INT]  if there are <INT hits with score >80% of the max score, output all in XA [5,200]
       -a            output all alignments for SE or unpaired PE
       -C            append FASTA/FASTQ comment to SAM output
       -V            output the reference FASTA header in the XR tag
       -Y            use soft clipping for supplementary alignments
       -M            mark shorter split hits as secondary

       -I FLOAT[,FLOAT[,INT[,INT]]]
                     specify the mean, standard deviation (10% of the mean if absent), max
                     (4 sigma from the mean if absent) and min of the insert size distribution.
                     FR orientation only. [inferred]

Note: Please read the man page for detailed description of the command line and options.

/gpfs/gss1/work/sduhumac/tools/pkgs/samtools-1.3.1-4/bin/samtools: error while loading shared libraries: libcrypto.so.1.0.0: cannot open shared object file: No such file or directory
/gpfs/gss1/work/sduhumac/tools/pkgs/samtools-1.3.1-4/bin/samtools: error while loading shared libraries: libcrypto.so.1.0.0: cannot open shared object file: No such file or directory
/gpfs/gss1/work/sduhumac/tools/pkgs/samtools-1.3.1-4/bin/samtools: error while loading shared libraries: libcrypto.so.1.0.0: cannot open shared object file: No such file or directory
[Tue Sep 04 10:39:42 CEST 2018] picard.sam.MarkDuplicates INPUT=[/gpfs/gss1/work/sduhumac/kristina/data/genova/tumor_blood/output/*_sorted.bam] OUTPUT=/*_sorted_nodup.bam METRICS_FILE=*_dup.metrics REMOVE_DUPLICATES=true VALIDATION_STRINGENCY=LENIENT    PROGRAM_RECORD_ID=MarkDuplicates PROGRAM_GROUP_NAME=MarkDuplicates ASSUME_SORTED=false MAX_SEQUENCES_FOR_DISK_READ_ENDS_MAP=50000 MAX_FILE_HANDLES_FOR_READ_ENDS_MAP=8000 SORTING_COLLECTION_SIZE_RATIO=0.25 READ_NAME_REGEX=[a-zA-Z0-9]+:[0-9]:([0-9]+):([0-9]+):([0-9]+).* OPTICAL_DUPLICATE_PIXEL_DISTANCE=100 VERBOSITY=INFO QUIET=false COMPRESSION_LEVEL=5 MAX_RECORDS_IN_RAM=500000 CREATE_INDEX=false CREATE_MD5_FILE=false
OpenJDK 64-Bit Server VM warning: You have loaded library /gpfs/gss1/work/sduhumac/tools/pkgs/picard/picard-tools/libIntelDeflater.so which might have disabled stack guard. The VM will try to fix the stack guard now.
It's highly recommended that you fix the library with 'execstack -c <libfile>', or link it with '-z noexecstack'.
[Tue Sep 04 10:39:42 CEST 2018] Executing as kmkoldby@s74p28.deic.sdu.dk on Linux 3.10.0-327.36.3.el7.x86_64 amd64; OpenJDK 64-Bit Server VM 1.8.0_111-b15; Picard version: 1.119(d44cdb51745f5e8075c826430a39d8a61f1dd832_1408991805) IntelDeflater
[Tue Sep 04 10:39:42 CEST 2018] picard.sam.MarkDuplicates done. Elapsed time: 0.00 minutes.
Runtime.totalMemory()=2058354688
To get help, see http://picard.sourceforge.net/index.shtml#GettingHelp
Exception in thread "main" htsjdk.samtools.SAMException: Cannot read non-existent file: /gpfs/gss1/work/sduhumac/kristina/data/genova/tumor_blood/output/*_sorted.bam
	at htsjdk.samtools.util.IOUtil.assertFileIsReadable(IOUtil.java:280)
	at picard.sam.MarkDuplicates.doWork(MarkDuplicates.java:171)
	at picard.cmdline.CommandLineProgram.instanceMain(CommandLineProgram.java:183)
	at picard.sam.MarkDuplicates.main(MarkDuplicates.java:161)
/gpfs/gss1/work/sduhumac/tools/pkgs/samtools-1.3.1-4/bin/samtools: error while loading shared libraries: libcrypto.so.1.0.0: cannot open shared object file: No such file or directory
rm: cannot remove ‘/gpfs/gss1/work/sduhumac/kristina/data/genova/tumor_blood/output/*_sorted.bam’: No such file or directory
rm: cannot remove ‘/gpfs/gss1/work/sduhumac/kristina/data/genova/tumor_blood/output/*_sorted.bai’: No such file or directory
/var/spool/slurm//job1875166/slurm_script: line 65: syntax error near unexpected token `done'
/var/spool/slurm//job1875166/slurm_script: line 65: `done'
