
EXITING because of fatal ERROR: could not make temporary directory: A1_STARtmp/
SOLUTION: (i) please check the path and writing permissions 
 (ii) if you specified --outTmpDir, and this directory exists - please remove it before running STAR

Dec 18 11:54:44 ...... FATAL ERROR, exiting
Dec 18 11:54:44 ..... started STAR run
Dec 18 11:54:47 ..... loading genome
Dec 18 11:54:57 ..... processing annotations GTF
Dec 18 11:55:10 ..... inserting junctions into the genome indices
Dec 18 11:55:42 ..... started mapping
Dec 18 12:58:59 ..... started sorting BAM
Dec 18 13:03:49 ..... finished successfully
Dec 18 13:03:52 ..... started STAR run
Dec 18 13:03:52 ..... loading genome
Dec 18 13:04:02 ..... processing annotations GTF
Dec 18 13:04:14 ..... inserting junctions into the genome indices
Dec 18 13:04:45 ..... started mapping
Dec 18 13:53:57 ..... started sorting BAM
Dec 18 13:58:31 ..... finished successfully
Dec 18 13:58:33 ..... started STAR run
Dec 18 13:58:33 ..... loading genome
Dec 18 13:58:43 ..... processing annotations GTF
Dec 18 13:58:56 ..... inserting junctions into the genome indices
Dec 18 13:59:28 ..... started mapping
Dec 18 14:39:44 ..... started sorting BAM
Dec 18 14:42:48 ..... finished successfully
Dec 18 14:42:52 ..... started STAR run
Dec 18 14:42:52 ..... loading genome
Dec 18 14:43:11 ..... processing annotations GTF
Dec 18 14:43:24 ..... inserting junctions into the genome indices
Dec 18 14:43:55 ..... started mapping
Dec 18 15:08:01 ..... started sorting BAM
Dec 18 15:10:23 ..... finished successfully
