Dec 19 08:36:24 ..... started STAR run
Dec 19 08:36:25 ..... loading genome
Dec 19 08:36:35 ..... processing annotations GTF
Dec 19 08:36:49 ..... inserting junctions into the genome indices
Dec 19 08:37:20 ..... started mapping
Dec 19 09:14:43 ..... started sorting BAM
Dec 19 09:17:53 ..... finished successfully
Dec 19 09:17:57 ..... started STAR run
Dec 19 09:17:57 ..... loading genome
Dec 19 09:18:08 ..... processing annotations GTF
Dec 19 09:18:21 ..... inserting junctions into the genome indices
Dec 19 09:18:52 ..... started mapping
Dec 19 09:53:29 ..... started sorting BAM
Dec 19 09:56:12 ..... finished successfully
Dec 19 09:56:14 ..... started STAR run
Dec 19 09:56:14 ..... loading genome
Dec 19 09:56:32 ..... processing annotations GTF
Dec 19 09:56:45 ..... inserting junctions into the genome indices
Dec 19 09:57:16 ..... started mapping
Dec 19 10:27:09 ..... started sorting BAM
Dec 19 10:29:43 ..... finished successfully

gzip: /gpfs/gss1/work/sduhumac/data/jeanette/G56-sampleD9_rnaseq_HGTHHDSXX_R1.fastq.gz: not in gzip format
Dec 19 10:29:43 ..... started STAR run
Dec 19 10:29:43 ..... loading genome
Dec 19 10:29:54 ..... processing annotations GTF
Dec 19 10:30:06 ..... inserting junctions into the genome indices
Dec 19 10:30:38 ..... started mapping
Dec 19 10:30:40 ..... started sorting BAM
Dec 19 10:30:40 ..... finished successfully
Dec 19 10:30:40 ..... started STAR run
Dec 19 10:30:40 ..... loading genome
Dec 19 10:30:50 ..... processing annotations GTF
Dec 19 10:31:02 ..... inserting junctions into the genome indices
Dec 19 10:31:34 ..... started mapping
Dec 19 11:08:35 ..... started sorting BAM
Dec 19 11:11:18 ..... finished successfully
gzip: /gpfs/gss1/work/sduhumac/data/jeanette/G56-sampleA2_rnaseq_HGTHHDSXX_R1.fastq.gz: No such file or directory
gzip: /gpfs/gss1/work/sduhumac/data/jeanette/G56-sampleA2_rnaseq_HGTHHDSXX_R2.fastq.gz: No such file or directory
Dec 19 11:11:22 ..... started STAR run
Dec 19 11:11:22 ..... loading genome
Dec 19 11:11:33 ..... processing annotations GTF
Dec 19 11:11:45 ..... inserting junctions into the genome indices
Dec 19 11:12:17 ..... started mapping
Dec 19 11:12:19 ..... started sorting BAM
Dec 19 11:12:19 ..... finished successfully
Dec 19 11:12:19 ..... started STAR run
Dec 19 11:12:22 ..... loading genome
Dec 19 11:12:32 ..... processing annotations GTF
Dec 19 11:12:46 ..... inserting junctions into the genome indices
Dec 19 11:13:17 ..... started mapping
Dec 19 12:34:33 ..... started sorting BAM
Dec 19 12:41:15 ..... finished successfully
